2024-07-12 06:41:12.627 [info] Log level: Info
2024-07-12 06:41:12.627 [info] Validating found git in: "git"
2024-07-12 06:41:12.627 [info] Using git "2.34.1" from "git"
2024-07-12 06:41:12.627 [info] > git rev-parse --show-toplevel [110ms]
2024-07-12 06:41:12.627 [info] fatal: not a git repository (or any parent up to mount point /)
Stopping at filesystem boundary (GIT_DISCOVERY_ACROSS_FILESYSTEM not set).
2024-07-12 06:41:12.627 [info] > git rev-parse --show-toplevel [37ms]
2024-07-12 06:41:12.627 [info] fatal: not a git repository (or any parent up to mount point /)
Stopping at filesystem boundary (GIT_DISCOVERY_ACROSS_FILESYSTEM not set).
2024-07-12 06:41:12.631 [info] > git rev-parse --show-toplevel [8ms]
2024-07-12 06:41:12.631 [info] fatal: not a git repository (or any parent up to mount point /)
Stopping at filesystem boundary (GIT_DISCOVERY_ACROSS_FILESYSTEM not set).
2024-07-12 06:41:12.645 [info] > git rev-parse --show-toplevel [3ms]
2024-07-12 06:41:12.645 [info] fatal: not a git repository (or any parent up to mount point /)
Stopping at filesystem boundary (GIT_DISCOVERY_ACROSS_FILESYSTEM not set).
2024-07-12 06:41:12.674 [info] > git rev-parse --show-toplevel [4ms]
2024-07-12 06:41:12.674 [info] fatal: not a git repository (or any parent up to mount point /)
Stopping at filesystem boundary (GIT_DISCOVERY_ACROSS_FILESYSTEM not set).
2024-07-12 06:41:12.689 [info] > git rev-parse --show-toplevel [4ms]
2024-07-12 06:41:12.689 [info] fatal: not a git repository (or any parent up to mount point /)
Stopping at filesystem boundary (GIT_DISCOVERY_ACROSS_FILESYSTEM not set).
2024-07-12 06:41:12.704 [info] > git rev-parse --show-toplevel [4ms]
2024-07-12 06:41:12.704 [info] fatal: not a git repository (or any parent up to mount point /)
Stopping at filesystem boundary (GIT_DISCOVERY_ACROSS_FILESYSTEM not set).
2024-07-12 06:41:12.719 [info] > git rev-parse --show-toplevel [4ms]
2024-07-12 06:41:12.735 [info] > git rev-parse --git-dir --git-common-dir [5ms]
2024-07-12 06:41:12.757 [info] Open repository: /home/nignanfatao12345/tesbot_md
2024-07-12 06:41:12.789 [info] > git config --get commit.template [16ms]
2024-07-12 06:41:12.793 [info] > git for-each-ref --format=%(refname)%00%(upstream:short)%00%(objectname)%00%(upstream:track)%00%(upstream:remotename)%00%(upstream:remoteref) refs/heads/main refs/remotes/main [7ms]
2024-07-12 06:41:12.804 [warning] ENOENT: no such file or directory, open '/home/nignanfatao12345/tesbot_md/.git/refs/remotes/origin/main'
2024-07-12 06:41:12.809 [info] > git rev-parse refs/remotes/origin/main [4ms]
2024-07-12 06:41:12.840 [info] > git status -z -uall [5ms]
2024-07-12 06:41:12.884 [info] > git merge-base refs/heads/main refs/remotes/origin/main [29ms]
2024-07-12 06:41:12.900 [info] > git config --get commit.template [18ms]
2024-07-12 06:41:12.920 [info] > git rev-list --count --left-right refs/heads/main...refs/remotes/origin/main [22ms]
2024-07-12 06:41:12.942 [info] > git for-each-ref --format=%(refname)%00%(upstream:short)%00%(objectname)%00%(upstream:track)%00%(upstream:remotename)%00%(upstream:remoteref) refs/heads/main refs/remotes/main [23ms]
2024-07-12 06:41:12.951 [warning] ENOENT: no such file or directory, open '/home/nignanfatao12345/tesbot_md/.git/refs/remotes/origin/main'
2024-07-12 06:41:12.953 [info] > git diff --name-status -z --diff-filter=ADMR 37c26d735767eb790bfadd7d6b71a6aca710c6e1...refs/remotes/origin/main [20ms]
2024-07-12 06:41:12.955 [info] > git rev-parse refs/remotes/origin/main [5ms]
2024-07-12 06:41:12.966 [info] > git status -z -uall [3ms]
2024-07-12 06:41:13.610 [info] > git check-ignore -v -z --stdin [24ms]
2024-07-12 06:41:13.626 [info] > git rev-parse --show-toplevel [3ms]
2024-07-12 06:41:13.626 [info] fatal: not a git repository (or any parent up to mount point /)
Stopping at filesystem boundary (GIT_DISCOVERY_ACROSS_FILESYSTEM not set).
2024-07-12 06:41:17.359 [info] > git rev-parse --show-toplevel [5ms]
2024-07-12 06:41:17.359 [info] fatal: not a git repository (or any parent up to mount point /)
Stopping at filesystem boundary (GIT_DISCOVERY_ACROSS_FILESYSTEM not set).
2024-07-12 06:41:29.945 [info] > git rev-parse --show-toplevel [4ms]
2024-07-12 06:41:29.945 [info] fatal: not a git repository (or any parent up to mount point /)
Stopping at filesystem boundary (GIT_DISCOVERY_ACROSS_FILESYSTEM not set).
2024-07-12 06:41:36.663 [info] > git check-ignore -v -z --stdin [3ms]
