2024-07-12 18:11:25.656 [info] Extension host with pid 1286 started
2024-07-12 18:11:25.716 [info] Lock '/home/nignanfatao12345/.codeoss/data/User/workspaceStorage/16bd4d1b/vscode.lock': Lock acquired.
2024-07-12 18:11:26.036 [info] ExtensionService#_doActivateExtension vscode.emmet, startup: false, activationEvent: 'onLanguage'
2024-07-12 18:11:27.038 [info] ExtensionService#_doActivateExtension vscode.git-base, startup: true, activationEvent: '*', root cause: vscode.git
2024-07-12 18:11:27.259 [error] No bundle location found for extension vscode.emmet
2024-07-12 18:11:30.092 [error] No bundle location found for extension vscode.git-base
2024-07-12 18:11:30.097 [info] ExtensionService#_doActivateExtension vscode.git, startup: true, activationEvent: '*'
2024-07-12 18:11:30.097 [info] ExtensionService#_doActivateExtension vscode.github, startup: true, activationEvent: '*'
2024-07-12 18:11:31.004 [error] No bundle location found for extension vscode.git
2024-07-12 18:11:31.103 [warning] Using default string since no string found in i18n bundle that has the key: Log level: {0}
2024-07-12 18:11:31.106 [warning] Using default string since no string found in i18n bundle that has the key: Validating found git in: "{0}"
2024-07-12 18:11:31.141 [warning] Using default string since no string found in i18n bundle that has the key: Enables the following features: {0}
2024-07-12 18:11:31.142 [warning] Using default string since no string found in i18n bundle that has the key: Using git "{0}" from "{1}"
2024-07-12 18:11:31.156 [warning] Using default string since no string found in i18n bundle that has the key: Git History
2024-07-12 18:11:31.345 [warning] Using default string since no string found in i18n bundle that has the key: Git local working changes
2024-07-12 18:11:31.346 [warning] Using default string since no string found in i18n bundle that has the key: Commit
2024-07-12 18:11:31.346 [warning] Using default string since no string found in i18n bundle that has the key: Message ({0} to commit)
2024-07-12 18:11:31.346 [warning] Using default string since no string found in i18n bundle that has the key: Merge Changes
2024-07-12 18:11:31.347 [warning] Using default string since no string found in i18n bundle that has the key: Staged Changes
2024-07-12 18:11:31.347 [warning] Using default string since no string found in i18n bundle that has the key: Changes
2024-07-12 18:11:31.347 [warning] Using default string since no string found in i18n bundle that has the key: Untracked Changes
2024-07-12 18:11:31.350 [warning] Using default string since no string found in i18n bundle that has the key: Checkout Branch/Tag...
2024-07-12 18:11:31.355 [warning] Using default string since no string found in i18n bundle that has the key: Checkout Branch/Tag...
2024-07-12 18:11:31.356 [warning] Using default string since no string found in i18n bundle that has the key: Checkout Branch/Tag...
2024-07-12 18:11:31.437 [error] No bundle location found for extension vscode.github
2024-07-12 18:11:31.476 [warning] Using default string since no string found in i18n bundle that has the key: Log level: {0}
2024-07-12 18:11:31.480 [warning] Using default string since no string found in i18n bundle that has the key: Checkout Branch/Tag...
2024-07-12 18:11:31.480 [warning] Using default string since no string found in i18n bundle that has the key: Checkout Branch/Tag...
2024-07-12 18:11:31.480 [warning] Using default string since no string found in i18n bundle that has the key: Publish to {0}
2024-07-12 18:11:31.481 [warning] Using default string since no string found in i18n bundle that has the key: Copy vscode.dev Link
2024-07-12 18:11:31.592 [warning] Using default string since no string found in i18n bundle that has the key: Checkout Branch/Tag...
2024-07-12 18:11:31.592 [warning] Using default string since no string found in i18n bundle that has the key: Publish to {0}
2024-07-12 18:11:31.592 [warning] Using default string since no string found in i18n bundle that has the key: Checkout Branch/Tag...
2024-07-12 18:11:31.592 [warning] Using default string since no string found in i18n bundle that has the key: Publish to {0}
2024-07-12 18:11:31.599 [warning] Using default string since no string found in i18n bundle that has the key: Message ({0} to commit on "{1}")
2024-07-12 18:11:31.600 [warning] Using default string since no string found in i18n bundle that has the key: Checkout Branch/Tag...
2024-07-12 18:11:31.600 [warning] Using default string since no string found in i18n bundle that has the key: Synchronize Changes
2024-07-12 18:11:31.600 [warning] Using default string since no string found in i18n bundle that has the key: Checkout Branch/Tag...
2024-07-12 18:11:31.600 [warning] Using default string since no string found in i18n bundle that has the key: Synchronize Changes
2024-07-12 18:11:31.605 [warning] Using default string since no string found in i18n bundle that has the key: Commit & Push Changes
2024-07-12 18:11:31.605 [warning] Using default string since no string found in i18n bundle that has the key: Commit & Sync Changes
2024-07-12 18:11:31.605 [warning] Using default string since no string found in i18n bundle that has the key: {0} Commit & Push
2024-07-12 18:11:31.605 [warning] Using default string since no string found in i18n bundle that has the key: {0} Commit & Sync
2024-07-12 18:11:31.606 [warning] Using default string since no string found in i18n bundle that has the key: Commit Changes on "{0}"
2024-07-12 18:11:31.606 [warning] Using default string since no string found in i18n bundle that has the key: {0} Commit
2024-07-12 18:11:31.606 [warning] Using default string since no string found in i18n bundle that has the key: {0} Commit (Amend)
2024-07-12 18:11:31.607 [warning] Using default string since no string found in i18n bundle that has the key: Commit Changes on "{0}"
2024-07-12 18:11:31.607 [warning] Using default string since no string found in i18n bundle that has the key: {0} Commit
2024-07-12 18:11:31.607 [warning] Using default string since no string found in i18n bundle that has the key: {0} Commit (Amend)
2024-07-12 18:11:31.607 [warning] Using default string since no string found in i18n bundle that has the key: Commit & Push Changes
2024-07-12 18:11:31.607 [warning] Using default string since no string found in i18n bundle that has the key: Commit & Sync Changes
2024-07-12 18:11:31.607 [warning] Using default string since no string found in i18n bundle that has the key: {0} Commit & Push
2024-07-12 18:11:31.607 [warning] Using default string since no string found in i18n bundle that has the key: {0} Commit & Sync
2024-07-12 18:11:31.607 [warning] Using default string since no string found in i18n bundle that has the key: Commit Changes on "{0}"
2024-07-12 18:11:31.607 [warning] Using default string since no string found in i18n bundle that has the key: {0} Commit
2024-07-12 18:11:31.607 [warning] Using default string since no string found in i18n bundle that has the key: {0} Commit (Amend)
2024-07-12 18:11:31.608 [warning] Using default string since no string found in i18n bundle that has the key: Checkout Branch/Tag...
2024-07-12 18:11:31.608 [warning] Using default string since no string found in i18n bundle that has the key: Synchronize Changes
2024-07-12 18:11:31.608 [warning] Using default string since no string found in i18n bundle that has the key: Checkout Branch/Tag...
2024-07-12 18:11:31.608 [warning] Using default string since no string found in i18n bundle that has the key: Synchronize Changes
2024-07-12 18:11:31.609 [warning] Using default string since no string found in i18n bundle that has the key: Checkout Branch/Tag...
2024-07-12 18:11:31.609 [warning] Using default string since no string found in i18n bundle that has the key: Synchronize Changes
2024-07-12 18:11:31.609 [warning] Using default string since no string found in i18n bundle that has the key: Checkout Branch/Tag...
2024-07-12 18:11:31.609 [warning] Using default string since no string found in i18n bundle that has the key: Synchronize Changes
2024-07-12 18:11:31.621 [warning] Using default string since no string found in i18n bundle that has the key: Checkout Branch/Tag...
2024-07-12 18:11:31.622 [warning] Using default string since no string found in i18n bundle that has the key: Synchronize Changes
2024-07-12 18:11:31.622 [warning] Using default string since no string found in i18n bundle that has the key: Checkout Branch/Tag...
2024-07-12 18:11:31.622 [warning] Using default string since no string found in i18n bundle that has the key: Synchronize Changes
2024-07-12 18:11:31.623 [warning] Using default string since no string found in i18n bundle that has the key: Checkout Branch/Tag...
2024-07-12 18:11:31.623 [warning] Using default string since no string found in i18n bundle that has the key: Synchronize Changes
2024-07-12 18:11:31.623 [warning] Using default string since no string found in i18n bundle that has the key: Checkout Branch/Tag...
2024-07-12 18:11:31.623 [warning] Using default string since no string found in i18n bundle that has the key: Synchronize Changes
2024-07-12 18:11:31.641 [warning] Using default string since no string found in i18n bundle that has the key: Checkout Branch/Tag...
2024-07-12 18:11:31.641 [warning] Using default string since no string found in i18n bundle that has the key: Synchronize Changes
2024-07-12 18:11:31.641 [warning] Using default string since no string found in i18n bundle that has the key: Checkout Branch/Tag...
2024-07-12 18:11:31.641 [warning] Using default string since no string found in i18n bundle that has the key: Synchronize Changes
2024-07-12 18:11:31.641 [warning] Using default string since no string found in i18n bundle that has the key: Checkout Branch/Tag...
2024-07-12 18:11:31.641 [warning] Using default string since no string found in i18n bundle that has the key: Synchronize Changes
2024-07-12 18:11:31.642 [warning] Using default string since no string found in i18n bundle that has the key: Checkout Branch/Tag...
2024-07-12 18:11:31.642 [warning] Using default string since no string found in i18n bundle that has the key: Synchronize Changes
2024-07-12 18:11:31.657 [warning] Using default string since no string found in i18n bundle that has the key: Checkout Branch/Tag...
2024-07-12 18:11:31.657 [warning] Using default string since no string found in i18n bundle that has the key: Synchronize Changes
2024-07-12 18:11:31.657 [warning] Using default string since no string found in i18n bundle that has the key: Checkout Branch/Tag...
2024-07-12 18:11:31.657 [warning] Using default string since no string found in i18n bundle that has the key: Synchronize Changes
2024-07-12 18:11:31.670 [warning] Using default string since no string found in i18n bundle that has the key: Message ({0} to commit on "{1}")
2024-07-12 18:11:31.670 [warning] Using default string since no string found in i18n bundle that has the key: Checkout Branch/Tag...
2024-07-12 18:11:31.670 [warning] Using default string since no string found in i18n bundle that has the key: Synchronize Changes
2024-07-12 18:11:31.670 [warning] Using default string since no string found in i18n bundle that has the key: Checkout Branch/Tag...
2024-07-12 18:11:31.670 [warning] Using default string since no string found in i18n bundle that has the key: Synchronize Changes
2024-07-12 18:11:31.671 [warning] Using default string since no string found in i18n bundle that has the key: Checkout Branch/Tag...
2024-07-12 18:11:31.671 [warning] Using default string since no string found in i18n bundle that has the key: Synchronize Changes
2024-07-12 18:11:31.671 [warning] Using default string since no string found in i18n bundle that has the key: Checkout Branch/Tag...
2024-07-12 18:11:31.671 [warning] Using default string since no string found in i18n bundle that has the key: Synchronize Changes
2024-07-12 18:11:32.202 [info] ExtensionService#_doActivateExtension vscode.github-authentication, startup: false, activationEvent: 'onAuthenticationRequest:github'
2024-07-12 18:11:33.011 [error] No bundle location found for extension vscode.github-authentication
2024-07-12 18:11:33.059 [warning] Using default string since no string found in i18n bundle that has the key: url handler
2024-07-12 18:11:33.059 [warning] Using default string since no string found in i18n bundle that has the key: local server
2024-07-12 18:11:33.059 [warning] Using default string since no string found in i18n bundle that has the key: device code
2024-07-12 18:11:33.059 [warning] Using default string since no string found in i18n bundle that has the key: personal access token
2024-07-12 18:11:34.041 [info] Not activating extension 'hashicorp.terraform': Timed out while searching for 'workspaceContains' pattern **/*.tf,**/*.tfvars
2024-07-12 18:11:34.041 [info] Not activating extension 'redhat.fabric8-analytics': Timed out while searching for 'workspaceContains' pattern **/package.json,**/pom.xml,**/go.mod,**/requirements.txt
2024-07-12 18:11:34.043 [info] Not activating extension 'redhat.java': Timed out while searching for 'workspaceContains' pattern */pom.xml,*/build.gradle,*/settings.gradle,*/build.gradle.kts,*/settings.gradle.kts,*/.classpath
2024-07-12 18:11:34.043 [info] Not activating extension 'vscjava.vscode-java-dependency': Timed out while searching for 'workspaceContains' pattern */pom.xml,*/build.gradle,*/settings.gradle,*/build.gradle.kts,*/settings.gradle.kts,*/.classpath
2024-07-12 18:11:34.044 [info] Not activating extension 'vscjava.vscode-java-test': Timed out while searching for 'workspaceContains' pattern */pom.xml,*/build.gradle,*/settings.gradle,*/build.gradle.kts,*/settings.gradle.kts,*/.classpath
2024-07-12 18:11:34.044 [info] Not activating extension 'vscjava.vscode-maven': Timed out while searching for 'workspaceContains' pattern **/pom.xml
2024-07-12 18:11:34.268 [info] Eager extensions activated
2024-07-12 18:11:34.268 [info] ExtensionService#_doActivateExtension EditorConfig.EditorConfig, startup: false, activationEvent: 'onStartupFinished'
2024-07-12 18:11:34.269 [info] ExtensionService#_doActivateExtension google.cloud-shell, startup: false, activationEvent: 'onStartupFinished'
2024-07-12 18:11:34.269 [info] ExtensionService#_doActivateExtension googlecloudtools.cloudcode, startup: false, activationEvent: 'onStartupFinished'
2024-07-12 18:11:34.270 [info] ExtensionService#_doActivateExtension vscode.debug-auto-launch, startup: false, activationEvent: 'onStartupFinished'
2024-07-12 18:11:34.271 [info] ExtensionService#_doActivateExtension vscode.merge-conflict, startup: false, activationEvent: 'onStartupFinished'
2024-07-12 18:11:35.864 [error] No bundle location found for extension EditorConfig.EditorConfig
2024-07-12 18:11:35.864 [error] No bundle location found for extension google.cloud-shell
2024-07-12 18:11:35.864 [error] No bundle location found for extension googlecloudtools.cloudcode
2024-07-12 18:11:35.864 [error] No bundle location found for extension vscode.merge-conflict
2024-07-12 18:11:38.980 [warning] Using default string since no string found in i18n bundle that has the key: (Current Change)
2024-07-12 18:11:38.980 [warning] Using default string since no string found in i18n bundle that has the key: (Incoming Change)
2024-07-12 18:11:39.000 [error] No bundle location found for extension vscode.debug-auto-launch
2024-07-12 18:11:39.003 [warning] Using default string since no string found in i18n bundle that has the key: Auto Attach: Disabled
2024-07-12 18:11:39.003 [warning] Using default string since no string found in i18n bundle that has the key: Auto Attach: Always
2024-07-12 18:11:39.003 [warning] Using default string since no string found in i18n bundle that has the key: Auto Attach: Smart
2024-07-12 18:11:39.003 [warning] Using default string since no string found in i18n bundle that has the key: Auto Attach: With Flag
2024-07-12 18:11:39.003 [warning] Using default string since no string found in i18n bundle that has the key: Disabled
2024-07-12 18:11:39.003 [warning] Using default string since no string found in i18n bundle that has the key: Always
2024-07-12 18:11:39.003 [warning] Using default string since no string found in i18n bundle that has the key: Smart
2024-07-12 18:11:39.003 [warning] Using default string since no string found in i18n bundle that has the key: Only With Flag
2024-07-12 18:11:39.003 [warning] Using default string since no string found in i18n bundle that has the key: Auto attach is disabled and not shown in status bar
2024-07-12 18:11:39.003 [warning] Using default string since no string found in i18n bundle that has the key: Auto attach to every Node.js process launched in the terminal
2024-07-12 18:11:39.003 [warning] Using default string since no string found in i18n bundle that has the key: Auto attach when running scripts that aren't in a node_modules folder
2024-07-12 18:11:39.003 [warning] Using default string since no string found in i18n bundle that has the key: Only auto attach when the `--inspect` flag is given
2024-07-12 18:11:39.003 [warning] Using default string since no string found in i18n bundle that has the key: Toggle auto attach in this workspace
2024-07-12 18:11:39.003 [warning] Using default string since no string found in i18n bundle that has the key: Toggle auto attach on this machine
2024-07-12 18:11:39.003 [warning] Using default string since no string found in i18n bundle that has the key: Temporarily disable auto attach in this session
2024-07-12 18:11:39.003 [warning] Using default string since no string found in i18n bundle that has the key: Re-enable auto attach
2024-07-12 18:11:39.003 [warning] Using default string since no string found in i18n bundle that has the key: Auto Attach: Disabled
2024-07-12 18:11:39.020 [warning] Using default string since no string found in i18n bundle that has the key: (Current Change)
2024-07-12 18:11:39.020 [warning] Using default string since no string found in i18n bundle that has the key: (Incoming Change)
2024-07-12 18:11:39.479 [info] ExtensionService#_doActivateExtension vscode.json-language-features, startup: false, activationEvent: 'onLanguage:jsonc'
2024-07-12 18:11:39.480 [info] ExtensionService#_doActivateExtension vscode.typescript-language-features, startup: false, activationEvent: 'onLanguage:jsonc'
2024-07-12 18:11:39.499 [warning] Using default string since no string found in i18n bundle that has the key: Checkout Branch/Tag...
2024-07-12 18:11:39.500 [warning] Using default string since no string found in i18n bundle that has the key: Synchronize Changes
2024-07-12 18:11:39.500 [warning] Using default string since no string found in i18n bundle that has the key: Checkout Branch/Tag...
2024-07-12 18:11:39.500 [warning] Using default string since no string found in i18n bundle that has the key: Synchronize Changes
2024-07-12 18:11:39.526 [warning] Using default string since no string found in i18n bundle that has the key: Checkout Branch/Tag...
2024-07-12 18:11:39.526 [warning] Using default string since no string found in i18n bundle that has the key: Synchronize Changes
2024-07-12 18:11:39.526 [warning] Using default string since no string found in i18n bundle that has the key: Checkout Branch/Tag...
2024-07-12 18:11:39.526 [warning] Using default string since no string found in i18n bundle that has the key: Synchronize Changes
2024-07-12 18:11:40.894 [warning] Using default string since no string found in i18n bundle that has the key: (Current Change)
2024-07-12 18:11:40.895 [warning] Using default string since no string found in i18n bundle that has the key: (Incoming Change)
2024-07-12 18:11:41.369 [error] No bundle location found for extension vscode.typescript-language-features
2024-07-12 18:11:41.465 [warning] Using default string since no string found in i18n bundle that has the key: Learn more about managing TypeScript versions
2024-07-12 18:11:43.267 [error] No bundle location found for extension vscode.json-language-features
2024-07-12 18:11:43.413 [warning] Using default string since no string found in i18n bundle that has the key: Configure
2024-07-12 18:11:43.413 [warning] Using default string since no string found in i18n bundle that has the key: JSON Language Server
2024-07-12 18:11:43.467 [warning] Using default string since no string found in i18n bundle that has the key: JSON: Schema Resolution Error
2024-07-12 18:11:43.754 [warning] Using default string since no string found in i18n bundle that has the key: Unable to resolve schema. Click to retry.
2024-07-12 18:11:43.755 [warning] Using default string since no string found in i18n bundle that has the key: JSON Validation Status
2024-07-12 18:11:43.756 [warning] Using default string since no string found in i18n bundle that has the key: Unable to compute used schemas: No document
2024-07-12 18:12:35.352 [warning] Using default string since no string found in i18n bundle that has the key: Checkout Branch/Tag...
2024-07-12 18:12:35.352 [warning] Using default string since no string found in i18n bundle that has the key: Synchronize Changes
2024-07-12 18:12:35.353 [warning] Using default string since no string found in i18n bundle that has the key: Checkout Branch/Tag...
2024-07-12 18:12:35.353 [warning] Using default string since no string found in i18n bundle that has the key: Synchronize Changes
2024-07-12 18:12:35.372 [warning] Using default string since no string found in i18n bundle that has the key: Checkout Branch/Tag...
2024-07-12 18:12:35.372 [warning] Using default string since no string found in i18n bundle that has the key: Synchronize Changes
2024-07-12 18:12:35.372 [warning] Using default string since no string found in i18n bundle that has the key: Checkout Branch/Tag...
2024-07-12 18:12:35.372 [warning] Using default string since no string found in i18n bundle that has the key: Synchronize Changes
2024-07-12 18:12:35.373 [warning] Using default string since no string found in i18n bundle that has the key: Checkout Branch/Tag...
2024-07-12 18:12:35.373 [warning] Using default string since no string found in i18n bundle that has the key: Synchronize Changes
2024-07-12 18:12:35.373 [warning] Using default string since no string found in i18n bundle that has the key: Checkout Branch/Tag...
2024-07-12 18:12:35.373 [warning] Using default string since no string found in i18n bundle that has the key: Synchronize Changes
2024-07-12 18:12:35.389 [warning] Using default string since no string found in i18n bundle that has the key: Checkout Branch/Tag...
2024-07-12 18:12:35.389 [warning] Using default string since no string found in i18n bundle that has the key: Synchronize Changes
2024-07-12 18:12:35.389 [warning] Using default string since no string found in i18n bundle that has the key: Checkout Branch/Tag...
2024-07-12 18:12:35.389 [warning] Using default string since no string found in i18n bundle that has the key: Synchronize Changes
2024-07-12 18:12:36.858 [warning] Using default string since no string found in i18n bundle that has the key: (Current Change)
2024-07-12 18:12:36.858 [warning] Using default string since no string found in i18n bundle that has the key: (Incoming Change)
2024-07-12 18:12:44.700 [warning] Using default string since no string found in i18n bundle that has the key: Loading JSON info
2024-07-12 18:12:44.718 [warning] Using default string since no string found in i18n bundle that has the key: No Schema Validation
2024-07-12 18:12:44.719 [warning] Using default string since no string found in i18n bundle that has the key: no JSON schema configured
2024-07-12 18:12:44.719 [warning] Using default string since no string found in i18n bundle that has the key: Show Schemas
2024-07-12 18:22:42.834 [info] Extension host terminating: renderer disconnected for too long (2)
2024-07-12 18:22:42.835 [info] Lock '/home/nignanfatao12345/.codeoss/data/User/workspaceStorage/16bd4d1b/vscode.lock': Marking the lockfile as scheduled to be released in 6000 ms.
2024-07-12 18:22:42.878 [error] Canceled: Canceled
    at new L (/google/devshell/editor/code-oss-for-cloud-shell/out/vs/workbench/api/node/extensionHostProcess.js:143:47131)
    at c.U (/google/devshell/editor/code-oss-for-cloud-shell/out/vs/workbench/api/node/extensionHostProcess.js:150:5542)
    at Proxy.F.<computed>.z.charCodeAt.F.<computed> (/google/devshell/editor/code-oss-for-cloud-shell/out/vs/workbench/api/node/extensionHostProcess.js:150:2993)
    at r.g (/google/devshell/editor/code-oss-for-cloud-shell/out/vs/workbench/api/node/extensionHostProcess.js:153:188926)
    at r.executeCommand (/google/devshell/editor/code-oss-for-cloud-shell/out/vs/workbench/api/node/extensionHostProcess.js:153:188364)
    at k.registerCommand.description (/google/devshell/editor/code-oss-for-cloud-shell/out/vs/workbench/api/node/extensionHostProcess.js:153:187688)
    at r.h (/google/devshell/editor/code-oss-for-cloud-shell/out/vs/workbench/api/node/extensionHostProcess.js:153:189465)
    at r.g (/google/devshell/editor/code-oss-for-cloud-shell/out/vs/workbench/api/node/extensionHostProcess.js:153:188457)
    at r.executeCommand (/google/devshell/editor/code-oss-for-cloud-shell/out/vs/workbench/api/node/extensionHostProcess.js:153:188364)
    at Object.executeCommand (/google/devshell/editor/code-oss-for-cloud-shell/out/vs/workbench/api/node/extensionHostProcess.js:163:22673)
    at a.O [as value] (/google/devshell/editor/code-oss-for-cloud-shell/extensions/git/dist/main.js:2:167800)
    at o.y (/google/devshell/editor/code-oss-for-cloud-shell/out/vs/workbench/api/node/extensionHostProcess.js:82:660)
    at o.z (/google/devshell/editor/code-oss-for-cloud-shell/out/vs/workbench/api/node/extensionHostProcess.js:82:730)
    at o.fire (/google/devshell/editor/code-oss-for-cloud-shell/out/vs/workbench/api/node/extensionHostProcess.js:82:946)
    at Object.p [as dispose] (/google/devshell/editor/code-oss-for-cloud-shell/extensions/git/dist/main.js:2:186884)
    at /google/devshell/editor/code-oss-for-cloud-shell/extensions/git/dist/main.js:2:192922
    at Array.forEach (<anonymous>)
    at f.dispose (/google/devshell/editor/code-oss-for-cloud-shell/extensions/git/dist/main.js:2:192908)
    at h.<anonymous> (/google/devshell/editor/code-oss-for-cloud-shell/out/vs/workbench/api/node/extensionHostProcess.js:151:3955)
    at h.dispose (/google/devshell/editor/code-oss-for-cloud-shell/out/vs/workbench/api/node/extensionHostProcess.js:151:4052)
    at h.<anonymous> (/google/devshell/editor/code-oss-for-cloud-shell/extensions/git/dist/main.js:2:170057)
    at h.dispose (/google/devshell/editor/code-oss-for-cloud-shell/out/vs/workbench/api/node/extensionHostProcess.js:151:4052)
    at a (/google/devshell/editor/code-oss-for-cloud-shell/out/vs/workbench/api/node/extensionHostProcess.js:30:744)
    at f.eb (/google/devshell/editor/code-oss-for-cloud-shell/out/vs/workbench/api/node/extensionHostProcess.js:159:9975)
    at /google/devshell/editor/code-oss-for-cloud-shell/out/vs/workbench/api/node/extensionHostProcess.js:159:7824
    at Array.map (<anonymous>)
    at f.$ (/google/devshell/editor/code-oss-for-cloud-shell/out/vs/workbench/api/node/extensionHostProcess.js:159:7811)
    at f.terminate (/google/devshell/editor/code-oss-for-cloud-shell/out/vs/workbench/api/node/extensionHostProcess.js:159:8085)
    at a.terminate (/google/devshell/editor/code-oss-for-cloud-shell/out/vs/workbench/api/node/extensionHostProcess.js:163:1513)
    at t (/google/devshell/editor/code-oss-for-cloud-shell/out/vs/workbench/api/node/extensionHostProcess.js:176:9922)
    at T.a (/google/devshell/editor/code-oss-for-cloud-shell/out/vs/workbench/api/node/extensionHostProcess.js:176:6715)
    at T.h (/google/devshell/editor/code-oss-for-cloud-shell/out/vs/workbench/api/node/extensionHostProcess.js:99:20709)
    at listOnTimeout (node:internal/timers:569:17)
    at processTimers (node:internal/timers:512:7) setContext undefined
2024-07-12 18:22:42.884 [error] Canceled: Canceled
    at new L (/google/devshell/editor/code-oss-for-cloud-shell/out/vs/workbench/api/node/extensionHostProcess.js:143:47131)
    at c.U (/google/devshell/editor/code-oss-for-cloud-shell/out/vs/workbench/api/node/extensionHostProcess.js:150:5542)
    at Proxy.F.<computed>.z.charCodeAt.F.<computed> (/google/devshell/editor/code-oss-for-cloud-shell/out/vs/workbench/api/node/extensionHostProcess.js:150:2993)
    at r.g (/google/devshell/editor/code-oss-for-cloud-shell/out/vs/workbench/api/node/extensionHostProcess.js:153:188926)
    at r.executeCommand (/google/devshell/editor/code-oss-for-cloud-shell/out/vs/workbench/api/node/extensionHostProcess.js:153:188364)
    at k.registerCommand.description (/google/devshell/editor/code-oss-for-cloud-shell/out/vs/workbench/api/node/extensionHostProcess.js:153:187688)
    at r.h (/google/devshell/editor/code-oss-for-cloud-shell/out/vs/workbench/api/node/extensionHostProcess.js:153:189465)
    at r.g (/google/devshell/editor/code-oss-for-cloud-shell/out/vs/workbench/api/node/extensionHostProcess.js:153:188457)
    at r.executeCommand (/google/devshell/editor/code-oss-for-cloud-shell/out/vs/workbench/api/node/extensionHostProcess.js:153:188364)
    at Object.executeCommand (/google/devshell/editor/code-oss-for-cloud-shell/out/vs/workbench/api/node/extensionHostProcess.js:163:22673)
    at a.VscodeDevShareProvider.set hasGitHubRepositories [as hasGitHubRepositories] (/google/devshell/editor/code-oss-for-cloud-shell/extensions/github/dist/extension.js:2:25681)
    at /google/devshell/editor/code-oss-for-cloud-shell/extensions/github/dist/extension.js:2:26640
    at a.value (/google/devshell/editor/code-oss-for-cloud-shell/extensions/git/dist/main.js:2:273373)
    at o.y (/google/devshell/editor/code-oss-for-cloud-shell/out/vs/workbench/api/node/extensionHostProcess.js:82:660)
    at o.z (/google/devshell/editor/code-oss-for-cloud-shell/out/vs/workbench/api/node/extensionHostProcess.js:82:730)
    at o.fire (/google/devshell/editor/code-oss-for-cloud-shell/out/vs/workbench/api/node/extensionHostProcess.js:82:946)
    at Object.p [as dispose] (/google/devshell/editor/code-oss-for-cloud-shell/extensions/git/dist/main.js:2:186884)
    at /google/devshell/editor/code-oss-for-cloud-shell/extensions/git/dist/main.js:2:192922
    at Array.forEach (<anonymous>)
    at f.dispose (/google/devshell/editor/code-oss-for-cloud-shell/extensions/git/dist/main.js:2:192908)
    at h.<anonymous> (/google/devshell/editor/code-oss-for-cloud-shell/out/vs/workbench/api/node/extensionHostProcess.js:151:3955)
    at h.dispose (/google/devshell/editor/code-oss-for-cloud-shell/out/vs/workbench/api/node/extensionHostProcess.js:151:4052)
    at h.<anonymous> (/google/devshell/editor/code-oss-for-cloud-shell/extensions/git/dist/main.js:2:170057)
    at h.dispose (/google/devshell/editor/code-oss-for-cloud-shell/out/vs/workbench/api/node/extensionHostProcess.js:151:4052)
    at a (/google/devshell/editor/code-oss-for-cloud-shell/out/vs/workbench/api/node/extensionHostProcess.js:30:744)
    at f.eb (/google/devshell/editor/code-oss-for-cloud-shell/out/vs/workbench/api/node/extensionHostProcess.js:159:9975)
    at /google/devshell/editor/code-oss-for-cloud-shell/out/vs/workbench/api/node/extensionHostProcess.js:159:7824
    at Array.map (<anonymous>)
    at f.$ (/google/devshell/editor/code-oss-for-cloud-shell/out/vs/workbench/api/node/extensionHostProcess.js:159:7811)
    at f.terminate (/google/devshell/editor/code-oss-for-cloud-shell/out/vs/workbench/api/node/extensionHostProcess.js:159:8085)
    at a.terminate (/google/devshell/editor/code-oss-for-cloud-shell/out/vs/workbench/api/node/extensionHostProcess.js:163:1513)
    at t (/google/devshell/editor/code-oss-for-cloud-shell/out/vs/workbench/api/node/extensionHostProcess.js:176:9922)
    at T.a (/google/devshell/editor/code-oss-for-cloud-shell/out/vs/workbench/api/node/extensionHostProcess.js:176:6715)
    at T.h (/google/devshell/editor/code-oss-for-cloud-shell/out/vs/workbench/api/node/extensionHostProcess.js:99:20709)
    at listOnTimeout (node:internal/timers:569:17)
    at processTimers (node:internal/timers:512:7) setContext undefined
2024-07-12 18:22:42.892 [info] Extension host with pid 1286 exiting with code 0
