2024-07-12 06:42:11.014 [info] Extension host with pid 5736 started
2024-07-12 06:42:11.037 [info] Lock '/home/nignanfatao12345/.codeoss/data/User/workspaceStorage/16bd4d1b/vscode.lock': Lock acquired.
2024-07-12 06:42:11.421 [info] ExtensionService#_doActivateExtension vscode.media-preview, startup: false, activationEvent: 'onCustomEditor:imagePreview.previewEditor'
2024-07-12 06:42:12.424 [info] ExtensionService#_doActivateExtension vscode.git-base, startup: true, activationEvent: '*', root cause: vscode.git
2024-07-12 06:42:12.776 [error] No bundle location found for extension vscode.media-preview
2024-07-12 06:42:12.787 [warning] Using default string since no string found in i18n bundle that has the key: Image Binary Size
2024-07-12 06:42:12.788 [warning] Using default string since no string found in i18n bundle that has the key: Image Size
2024-07-12 06:42:12.788 [warning] Using default string since no string found in i18n bundle that has the key: Image Zoom
2024-07-12 06:42:13.852 [warning] Using default string since no string found in i18n bundle that has the key: Whole Image
2024-07-12 06:42:13.855 [warning] Using default string since no string found in i18n bundle that has the key: An error occurred while loading the image.
2024-07-12 06:42:13.855 [warning] Using default string since no string found in i18n bundle that has the key: Open file using Code OSS's standard text/binary editor?
2024-07-12 06:42:13.856 [error] No bundle location found for extension vscode.git-base
2024-07-12 06:42:13.860 [info] ExtensionService#_doActivateExtension vscode.git, startup: true, activationEvent: '*'
2024-07-12 06:42:13.860 [info] ExtensionService#_doActivateExtension vscode.github, startup: true, activationEvent: '*'
2024-07-12 06:42:14.321 [warning] Using default string since no string found in i18n bundle that has the key: {0}KB
2024-07-12 06:42:14.321 [warning] Using default string since no string found in i18n bundle that has the key: Whole Image
2024-07-12 06:42:14.361 [info] ExtensionService#_doActivateExtension redhat.fabric8-analytics, startup: true, activationEvent: 'workspaceContains:**/package.json,**/pom.xml,**/go.mod,**/requirements.txt'
2024-07-12 06:42:14.883 [error] No bundle location found for extension vscode.github
2024-07-12 06:42:14.949 [warning] Using default string since no string found in i18n bundle that has the key: Log level: {0}
2024-07-12 06:42:15.173 [error] No bundle location found for extension vscode.git
2024-07-12 06:42:15.272 [warning] Using default string since no string found in i18n bundle that has the key: Log level: {0}
2024-07-12 06:42:15.289 [warning] Using default string since no string found in i18n bundle that has the key: Validating found git in: "{0}"
2024-07-12 06:42:15.305 [warning] Using default string since no string found in i18n bundle that has the key: Enables the following features: {0}
2024-07-12 06:42:15.306 [warning] Using default string since no string found in i18n bundle that has the key: Using git "{0}" from "{1}"
2024-07-12 06:42:15.323 [warning] Using default string since no string found in i18n bundle that has the key: Git History
2024-07-12 06:42:15.330 [warning] Using default string since no string found in i18n bundle that has the key: Copy vscode.dev Link
2024-07-12 06:42:15.386 [error] No bundle location found for extension redhat.fabric8-analytics
2024-07-12 06:42:15.624 [info] Eager extensions activated
2024-07-12 06:42:15.625 [info] ExtensionService#_doActivateExtension EditorConfig.EditorConfig, startup: false, activationEvent: 'onStartupFinished'
2024-07-12 06:42:15.626 [info] ExtensionService#_doActivateExtension google.cloud-shell, startup: false, activationEvent: 'onStartupFinished'
2024-07-12 06:42:15.626 [info] ExtensionService#_doActivateExtension googlecloudtools.cloudcode, startup: false, activationEvent: 'onStartupFinished'
2024-07-12 06:42:15.627 [info] ExtensionService#_doActivateExtension vscode.debug-auto-launch, startup: false, activationEvent: 'onStartupFinished'
2024-07-12 06:42:15.627 [info] ExtensionService#_doActivateExtension vscode.merge-conflict, startup: false, activationEvent: 'onStartupFinished'
2024-07-12 06:42:15.817 [warning] Using default string since no string found in i18n bundle that has the key: Git local working changes
2024-07-12 06:42:15.818 [warning] Using default string since no string found in i18n bundle that has the key: Commit
2024-07-12 06:42:15.819 [warning] Using default string since no string found in i18n bundle that has the key: Message ({0} to commit)
2024-07-12 06:42:15.820 [warning] Using default string since no string found in i18n bundle that has the key: Merge Changes
2024-07-12 06:42:15.820 [warning] Using default string since no string found in i18n bundle that has the key: Staged Changes
2024-07-12 06:42:15.821 [warning] Using default string since no string found in i18n bundle that has the key: Changes
2024-07-12 06:42:15.822 [warning] Using default string since no string found in i18n bundle that has the key: Untracked Changes
2024-07-12 06:42:15.828 [warning] Using default string since no string found in i18n bundle that has the key: Checkout Branch/Tag...
2024-07-12 06:42:15.828 [warning] Using default string since no string found in i18n bundle that has the key: Publish to {0}
2024-07-12 06:42:15.836 [warning] Using default string since no string found in i18n bundle that has the key: Checkout Branch/Tag...
2024-07-12 06:42:15.837 [warning] Using default string since no string found in i18n bundle that has the key: Publish to {0}
2024-07-12 06:42:15.838 [warning] Using default string since no string found in i18n bundle that has the key: Checkout Branch/Tag...
2024-07-12 06:42:15.838 [warning] Using default string since no string found in i18n bundle that has the key: Publish to {0}
2024-07-12 06:42:15.840 [warning] Using default string since no string found in i18n bundle that has the key: Checkout Branch/Tag...
2024-07-12 06:42:15.840 [warning] Using default string since no string found in i18n bundle that has the key: Publish to {0}
2024-07-12 06:42:15.934 [warning] Using default string since no string found in i18n bundle that has the key: Checkout Branch/Tag...
2024-07-12 06:42:15.934 [warning] Using default string since no string found in i18n bundle that has the key: Publish to {0}
2024-07-12 06:42:15.935 [warning] Using default string since no string found in i18n bundle that has the key: Checkout Branch/Tag...
2024-07-12 06:42:15.935 [warning] Using default string since no string found in i18n bundle that has the key: Publish to {0}
2024-07-12 06:42:15.948 [warning] Using default string since no string found in i18n bundle that has the key: Message ({0} to commit on "{1}")
2024-07-12 06:42:15.948 [warning] Using default string since no string found in i18n bundle that has the key: Checkout Branch/Tag...
2024-07-12 06:42:15.948 [warning] Using default string since no string found in i18n bundle that has the key: Synchronize Changes
2024-07-12 06:42:15.949 [warning] Using default string since no string found in i18n bundle that has the key: Checkout Branch/Tag...
2024-07-12 06:42:15.949 [warning] Using default string since no string found in i18n bundle that has the key: Synchronize Changes
2024-07-12 06:42:15.952 [warning] Using default string since no string found in i18n bundle that has the key: Commit & Push Changes
2024-07-12 06:42:15.953 [warning] Using default string since no string found in i18n bundle that has the key: Commit & Sync Changes
2024-07-12 06:42:15.953 [warning] Using default string since no string found in i18n bundle that has the key: {0} Commit & Push
2024-07-12 06:42:15.953 [warning] Using default string since no string found in i18n bundle that has the key: {0} Commit & Sync
2024-07-12 06:42:15.954 [warning] Using default string since no string found in i18n bundle that has the key: Commit Changes on "{0}"
2024-07-12 06:42:15.957 [warning] Using default string since no string found in i18n bundle that has the key: {0} Commit
2024-07-12 06:42:15.958 [warning] Using default string since no string found in i18n bundle that has the key: {0} Commit (Amend)
2024-07-12 06:42:15.960 [warning] Using default string since no string found in i18n bundle that has the key: Commit Changes on "{0}"
2024-07-12 06:42:15.960 [warning] Using default string since no string found in i18n bundle that has the key: {0} Commit
2024-07-12 06:42:15.960 [warning] Using default string since no string found in i18n bundle that has the key: {0} Commit (Amend)
2024-07-12 06:42:15.961 [warning] Using default string since no string found in i18n bundle that has the key: Commit & Push Changes
2024-07-12 06:42:15.961 [warning] Using default string since no string found in i18n bundle that has the key: Commit & Sync Changes
2024-07-12 06:42:15.962 [warning] Using default string since no string found in i18n bundle that has the key: {0} Commit & Push
2024-07-12 06:42:15.962 [warning] Using default string since no string found in i18n bundle that has the key: {0} Commit & Sync
2024-07-12 06:42:15.962 [warning] Using default string since no string found in i18n bundle that has the key: Commit Changes on "{0}"
2024-07-12 06:42:15.963 [warning] Using default string since no string found in i18n bundle that has the key: {0} Commit
2024-07-12 06:42:15.963 [warning] Using default string since no string found in i18n bundle that has the key: {0} Commit (Amend)
2024-07-12 06:42:15.964 [warning] Using default string since no string found in i18n bundle that has the key: Checkout Branch/Tag...
2024-07-12 06:42:15.965 [warning] Using default string since no string found in i18n bundle that has the key: Synchronize Changes
2024-07-12 06:42:15.965 [warning] Using default string since no string found in i18n bundle that has the key: Checkout Branch/Tag...
2024-07-12 06:42:15.966 [warning] Using default string since no string found in i18n bundle that has the key: Synchronize Changes
2024-07-12 06:42:15.968 [warning] Using default string since no string found in i18n bundle that has the key: Checkout Branch/Tag...
2024-07-12 06:42:15.968 [warning] Using default string since no string found in i18n bundle that has the key: Synchronize Changes
2024-07-12 06:42:15.969 [warning] Using default string since no string found in i18n bundle that has the key: Checkout Branch/Tag...
2024-07-12 06:42:15.969 [warning] Using default string since no string found in i18n bundle that has the key: Synchronize Changes
2024-07-12 06:42:15.973 [warning] Using default string since no string found in i18n bundle that has the key: {0}KB
2024-07-12 06:42:15.974 [warning] Using default string since no string found in i18n bundle that has the key: Whole Image
2024-07-12 06:42:15.974 [warning] Using default string since no string found in i18n bundle that has the key: {0}KB
2024-07-12 06:42:15.975 [warning] Using default string since no string found in i18n bundle that has the key: Whole Image
2024-07-12 06:42:15.988 [warning] Using default string since no string found in i18n bundle that has the key: Checkout Branch/Tag...
2024-07-12 06:42:15.988 [warning] Using default string since no string found in i18n bundle that has the key: Synchronize Changes
2024-07-12 06:42:15.988 [warning] Using default string since no string found in i18n bundle that has the key: Checkout Branch/Tag...
2024-07-12 06:42:15.989 [warning] Using default string since no string found in i18n bundle that has the key: Synchronize Changes
2024-07-12 06:42:15.990 [warning] Using default string since no string found in i18n bundle that has the key: Checkout Branch/Tag...
2024-07-12 06:42:15.990 [warning] Using default string since no string found in i18n bundle that has the key: Synchronize Changes
2024-07-12 06:42:15.990 [warning] Using default string since no string found in i18n bundle that has the key: Checkout Branch/Tag...
2024-07-12 06:42:15.991 [warning] Using default string since no string found in i18n bundle that has the key: Synchronize Changes
2024-07-12 06:42:16.025 [warning] Using default string since no string found in i18n bundle that has the key: Checkout Branch/Tag...
2024-07-12 06:42:16.025 [warning] Using default string since no string found in i18n bundle that has the key: Synchronize Changes
2024-07-12 06:42:16.025 [warning] Using default string since no string found in i18n bundle that has the key: Checkout Branch/Tag...
2024-07-12 06:42:16.026 [warning] Using default string since no string found in i18n bundle that has the key: Synchronize Changes
2024-07-12 06:42:16.029 [warning] Using default string since no string found in i18n bundle that has the key: Checkout Branch/Tag...
2024-07-12 06:42:16.029 [warning] Using default string since no string found in i18n bundle that has the key: Synchronize Changes
2024-07-12 06:42:16.030 [warning] Using default string since no string found in i18n bundle that has the key: Checkout Branch/Tag...
2024-07-12 06:42:16.030 [warning] Using default string since no string found in i18n bundle that has the key: Synchronize Changes
2024-07-12 06:42:16.065 [warning] Using default string since no string found in i18n bundle that has the key: Checkout Branch/Tag...
2024-07-12 06:42:16.065 [warning] Using default string since no string found in i18n bundle that has the key: Synchronize Changes
2024-07-12 06:42:16.065 [warning] Using default string since no string found in i18n bundle that has the key: Checkout Branch/Tag...
2024-07-12 06:42:16.065 [warning] Using default string since no string found in i18n bundle that has the key: Synchronize Changes
2024-07-12 06:42:16.102 [warning] Using default string since no string found in i18n bundle that has the key: Message ({0} to commit on "{1}")
2024-07-12 06:42:16.103 [warning] Using default string since no string found in i18n bundle that has the key: Checkout Branch/Tag...
2024-07-12 06:42:16.103 [warning] Using default string since no string found in i18n bundle that has the key: Synchronize Changes
2024-07-12 06:42:16.104 [warning] Using default string since no string found in i18n bundle that has the key: Checkout Branch/Tag...
2024-07-12 06:42:16.104 [warning] Using default string since no string found in i18n bundle that has the key: Synchronize Changes
2024-07-12 06:42:16.105 [warning] Using default string since no string found in i18n bundle that has the key: Checkout Branch/Tag...
2024-07-12 06:42:16.106 [warning] Using default string since no string found in i18n bundle that has the key: Synchronize Changes
2024-07-12 06:42:16.106 [warning] Using default string since no string found in i18n bundle that has the key: Checkout Branch/Tag...
2024-07-12 06:42:16.106 [warning] Using default string since no string found in i18n bundle that has the key: Synchronize Changes
2024-07-12 06:42:16.127 [info] ExtensionService#_doActivateExtension vscode.github-authentication, startup: false, activationEvent: 'onAuthenticationRequest:github'
2024-07-12 06:42:16.254 [error] No bundle location found for extension EditorConfig.EditorConfig
2024-07-12 06:42:16.435 [error] No bundle location found for extension google.cloud-shell
2024-07-12 06:42:16.501 [error] No bundle location found for extension googlecloudtools.cloudcode
2024-07-12 06:42:16.501 [error] No bundle location found for extension vscode.debug-auto-launch
2024-07-12 06:42:16.501 [error] No bundle location found for extension vscode.merge-conflict
2024-07-12 06:42:18.898 [warning] Using default string since no string found in i18n bundle that has the key: Auto Attach: Disabled
2024-07-12 06:42:18.898 [warning] Using default string since no string found in i18n bundle that has the key: Auto Attach: Always
2024-07-12 06:42:18.898 [warning] Using default string since no string found in i18n bundle that has the key: Auto Attach: Smart
2024-07-12 06:42:18.898 [warning] Using default string since no string found in i18n bundle that has the key: Auto Attach: With Flag
2024-07-12 06:42:18.898 [warning] Using default string since no string found in i18n bundle that has the key: Disabled
2024-07-12 06:42:18.898 [warning] Using default string since no string found in i18n bundle that has the key: Always
2024-07-12 06:42:18.898 [warning] Using default string since no string found in i18n bundle that has the key: Smart
2024-07-12 06:42:18.898 [warning] Using default string since no string found in i18n bundle that has the key: Only With Flag
2024-07-12 06:42:18.898 [warning] Using default string since no string found in i18n bundle that has the key: Auto attach is disabled and not shown in status bar
2024-07-12 06:42:18.898 [warning] Using default string since no string found in i18n bundle that has the key: Auto attach to every Node.js process launched in the terminal
2024-07-12 06:42:18.898 [warning] Using default string since no string found in i18n bundle that has the key: Auto attach when running scripts that aren't in a node_modules folder
2024-07-12 06:42:18.898 [warning] Using default string since no string found in i18n bundle that has the key: Only auto attach when the `--inspect` flag is given
2024-07-12 06:42:18.898 [warning] Using default string since no string found in i18n bundle that has the key: Toggle auto attach in this workspace
2024-07-12 06:42:18.898 [warning] Using default string since no string found in i18n bundle that has the key: Toggle auto attach on this machine
2024-07-12 06:42:18.898 [warning] Using default string since no string found in i18n bundle that has the key: Temporarily disable auto attach in this session
2024-07-12 06:42:18.898 [warning] Using default string since no string found in i18n bundle that has the key: Re-enable auto attach
2024-07-12 06:42:18.898 [warning] Using default string since no string found in i18n bundle that has the key: Auto Attach: Disabled
2024-07-12 06:42:18.938 [warning] Using default string since no string found in i18n bundle that has the key: (Current Change)
2024-07-12 06:42:18.938 [warning] Using default string since no string found in i18n bundle that has the key: (Incoming Change)
2024-07-12 06:42:18.947 [warning] Using default string since no string found in i18n bundle that has the key: Checkout Branch/Tag...
2024-07-12 06:42:18.947 [warning] Using default string since no string found in i18n bundle that has the key: Synchronize Changes
2024-07-12 06:42:18.947 [warning] Using default string since no string found in i18n bundle that has the key: Checkout Branch/Tag...
2024-07-12 06:42:18.947 [warning] Using default string since no string found in i18n bundle that has the key: Synchronize Changes
2024-07-12 06:42:18.972 [info] ExtensionService#_doActivateExtension vscode.json-language-features, startup: false, activationEvent: 'onLanguage:jsonc'
2024-07-12 06:42:18.973 [info] ExtensionService#_doActivateExtension vscode.typescript-language-features, startup: false, activationEvent: 'onLanguage:jsonc'
2024-07-12 06:42:18.973 [info] ExtensionService#_doActivateExtension vscode.emmet, startup: false, activationEvent: 'onLanguage'
2024-07-12 06:42:18.974 [error] No bundle location found for extension vscode.github-authentication
2024-07-12 06:42:19.015 [warning] Using default string since no string found in i18n bundle that has the key: url handler
2024-07-12 06:42:19.015 [warning] Using default string since no string found in i18n bundle that has the key: local server
2024-07-12 06:42:19.015 [warning] Using default string since no string found in i18n bundle that has the key: device code
2024-07-12 06:42:19.015 [warning] Using default string since no string found in i18n bundle that has the key: personal access token
2024-07-12 06:42:19.022 [warning] Using default string since no string found in i18n bundle that has the key: Checkout Branch/Tag...
2024-07-12 06:42:19.022 [warning] Using default string since no string found in i18n bundle that has the key: Synchronize Changes
2024-07-12 06:42:19.022 [warning] Using default string since no string found in i18n bundle that has the key: Checkout Branch/Tag...
2024-07-12 06:42:19.022 [warning] Using default string since no string found in i18n bundle that has the key: Synchronize Changes
2024-07-12 06:42:20.538 [error] No bundle location found for extension vscode.json-language-features
2024-07-12 06:42:20.599 [warning] Using default string since no string found in i18n bundle that has the key: Configure
2024-07-12 06:42:20.600 [warning] Using default string since no string found in i18n bundle that has the key: JSON Language Server
2024-07-12 06:42:20.642 [warning] Using default string since no string found in i18n bundle that has the key: JSON: Schema Resolution Error
2024-07-12 06:42:20.822 [error] No bundle location found for extension vscode.typescript-language-features
2024-07-12 06:42:20.822 [error] No bundle location found for extension vscode.emmet
2024-07-12 06:42:20.979 [warning] Using default string since no string found in i18n bundle that has the key: Learn more about managing TypeScript versions
2024-07-12 06:42:21.124 [warning] Using default string since no string found in i18n bundle that has the key: Unable to resolve schema. Click to retry.
2024-07-12 06:42:21.126 [warning] Using default string since no string found in i18n bundle that has the key: JSON Validation Status
2024-07-12 06:42:21.126 [warning] Using default string since no string found in i18n bundle that has the key: Unable to compute used schemas: No document
2024-07-12 06:43:40.341 [warning] Using default string since no string found in i18n bundle that has the key: {0}KB
2024-07-12 06:43:40.341 [warning] Using default string since no string found in i18n bundle that has the key: {0}KB
2024-07-12 06:43:41.257 [warning] Using default string since no string found in i18n bundle that has the key: {0}KB
2024-07-12 06:43:42.338 [warning] Using default string since no string found in i18n bundle that has the key: {0}KB
2024-07-12 06:43:43.126 [warning] Using default string since no string found in i18n bundle that has the key: {0}KB
2024-07-12 06:44:01.329 [warning] Using default string since no string found in i18n bundle that has the key: {0}KB
2024-07-12 06:44:05.315 [warning] Using default string since no string found in i18n bundle that has the key: {0}KB
2024-07-12 06:44:07.154 [warning] Using default string since no string found in i18n bundle that has the key: {0}KB
2024-07-12 06:44:08.544 [warning] Using default string since no string found in i18n bundle that has the key: {0}KB
2024-07-12 06:44:09.651 [warning] Using default string since no string found in i18n bundle that has the key: {0}KB
2024-07-12 06:44:41.598 [warning] Using default string since no string found in i18n bundle that has the key: {0}KB
2024-07-12 06:44:44.035 [warning] Using default string since no string found in i18n bundle that has the key: {0}KB
2024-07-12 06:45:03.687 [warning] Using default string since no string found in i18n bundle that has the key: {0}KB
2024-07-12 06:46:30.070 [warning] Using default string since no string found in i18n bundle that has the key: {0}KB
2024-07-12 06:46:34.350 [warning] Using default string since no string found in i18n bundle that has the key: {0}KB
2024-07-12 06:46:37.663 [info] Extension host terminating: received terminate message from renderer
2024-07-12 06:46:37.665 [info] Lock '/home/nignanfatao12345/.codeoss/data/User/workspaceStorage/16bd4d1b/vscode.lock': Marking the lockfile as scheduled to be released in 6000 ms.
2024-07-12 06:46:37.731 [error] Canceled: Canceled
    at new L (/google/devshell/editor/code-oss-for-cloud-shell/out/vs/workbench/api/node/extensionHostProcess.js:143:47131)
    at c.U (/google/devshell/editor/code-oss-for-cloud-shell/out/vs/workbench/api/node/extensionHostProcess.js:150:5542)
    at Proxy.F.<computed>.z.charCodeAt.F.<computed> (/google/devshell/editor/code-oss-for-cloud-shell/out/vs/workbench/api/node/extensionHostProcess.js:150:2993)
    at r.g (/google/devshell/editor/code-oss-for-cloud-shell/out/vs/workbench/api/node/extensionHostProcess.js:153:188926)
    at r.executeCommand (/google/devshell/editor/code-oss-for-cloud-shell/out/vs/workbench/api/node/extensionHostProcess.js:153:188364)
    at k.registerCommand.description (/google/devshell/editor/code-oss-for-cloud-shell/out/vs/workbench/api/node/extensionHostProcess.js:153:187688)
    at r.h (/google/devshell/editor/code-oss-for-cloud-shell/out/vs/workbench/api/node/extensionHostProcess.js:153:189465)
    at r.g (/google/devshell/editor/code-oss-for-cloud-shell/out/vs/workbench/api/node/extensionHostProcess.js:153:188457)
    at r.executeCommand (/google/devshell/editor/code-oss-for-cloud-shell/out/vs/workbench/api/node/extensionHostProcess.js:153:188364)
    at Object.executeCommand (/google/devshell/editor/code-oss-for-cloud-shell/out/vs/workbench/api/node/extensionHostProcess.js:163:22673)
    at a.O [as value] (/google/devshell/editor/code-oss-for-cloud-shell/extensions/git/dist/main.js:2:167800)
    at o.y (/google/devshell/editor/code-oss-for-cloud-shell/out/vs/workbench/api/node/extensionHostProcess.js:82:660)
    at o.z (/google/devshell/editor/code-oss-for-cloud-shell/out/vs/workbench/api/node/extensionHostProcess.js:82:730)
    at o.fire (/google/devshell/editor/code-oss-for-cloud-shell/out/vs/workbench/api/node/extensionHostProcess.js:82:946)
    at Object.p [as dispose] (/google/devshell/editor/code-oss-for-cloud-shell/extensions/git/dist/main.js:2:186884)
    at /google/devshell/editor/code-oss-for-cloud-shell/extensions/git/dist/main.js:2:192922
    at Array.forEach (<anonymous>)
    at f.dispose (/google/devshell/editor/code-oss-for-cloud-shell/extensions/git/dist/main.js:2:192908)
    at h.<anonymous> (/google/devshell/editor/code-oss-for-cloud-shell/out/vs/workbench/api/node/extensionHostProcess.js:151:3955)
    at h.dispose (/google/devshell/editor/code-oss-for-cloud-shell/out/vs/workbench/api/node/extensionHostProcess.js:151:4052)
    at h.<anonymous> (/google/devshell/editor/code-oss-for-cloud-shell/extensions/git/dist/main.js:2:170057)
    at h.dispose (/google/devshell/editor/code-oss-for-cloud-shell/out/vs/workbench/api/node/extensionHostProcess.js:151:4052)
    at a (/google/devshell/editor/code-oss-for-cloud-shell/out/vs/workbench/api/node/extensionHostProcess.js:30:744)
    at f.eb (/google/devshell/editor/code-oss-for-cloud-shell/out/vs/workbench/api/node/extensionHostProcess.js:159:9975)
    at /google/devshell/editor/code-oss-for-cloud-shell/out/vs/workbench/api/node/extensionHostProcess.js:159:7824
    at Array.map (<anonymous>)
    at f.$ (/google/devshell/editor/code-oss-for-cloud-shell/out/vs/workbench/api/node/extensionHostProcess.js:159:7811)
    at f.terminate (/google/devshell/editor/code-oss-for-cloud-shell/out/vs/workbench/api/node/extensionHostProcess.js:159:8085)
    at a.terminate (/google/devshell/editor/code-oss-for-cloud-shell/out/vs/workbench/api/node/extensionHostProcess.js:163:1513)
    at t (/google/devshell/editor/code-oss-for-cloud-shell/out/vs/workbench/api/node/extensionHostProcess.js:176:9922)
    at a.value (/google/devshell/editor/code-oss-for-cloud-shell/out/vs/workbench/api/node/extensionHostProcess.js:176:7969)
    at o.y (/google/devshell/editor/code-oss-for-cloud-shell/out/vs/workbench/api/node/extensionHostProcess.js:82:660)
    at o.fire (/google/devshell/editor/code-oss-for-cloud-shell/out/vs/workbench/api/node/extensionHostProcess.js:82:877)
    at u.fire (/google/devshell/editor/code-oss-for-cloud-shell/out/vs/workbench/api/node/extensionHostProcess.js:107:14175)
    at r.z (/google/devshell/editor/code-oss-for-cloud-shell/out/vs/workbench/api/node/extensionHostProcess.js:107:17240)
    at a.value (/google/devshell/editor/code-oss-for-cloud-shell/out/vs/workbench/api/node/extensionHostProcess.js:107:15692)
    at o.y (/google/devshell/editor/code-oss-for-cloud-shell/out/vs/workbench/api/node/extensionHostProcess.js:82:660)
    at o.fire (/google/devshell/editor/code-oss-for-cloud-shell/out/vs/workbench/api/node/extensionHostProcess.js:82:877)
    at f.acceptChunk (/google/devshell/editor/code-oss-for-cloud-shell/out/vs/workbench/api/node/extensionHostProcess.js:107:11949)
    at a.value (/google/devshell/editor/code-oss-for-cloud-shell/out/vs/workbench/api/node/extensionHostProcess.js:107:11236)
    at o.y (/google/devshell/editor/code-oss-for-cloud-shell/out/vs/workbench/api/node/extensionHostProcess.js:82:660)
    at o.fire (/google/devshell/editor/code-oss-for-cloud-shell/out/vs/workbench/api/node/extensionHostProcess.js:82:877)
    at i.z (/google/devshell/editor/code-oss-for-cloud-shell/out/vs/workbench/api/node/extensionHostProcess.js:173:19732)
    at i.acceptFrame (/google/devshell/editor/code-oss-for-cloud-shell/out/vs/workbench/api/node/extensionHostProcess.js:173:19538)
    at n (/google/devshell/editor/code-oss-for-cloud-shell/out/vs/workbench/api/node/extensionHostProcess.js:173:18037)
    at /google/devshell/editor/code-oss-for-cloud-shell/out/vs/workbench/api/node/extensionHostProcess.js:173:15257
    at Socket.S (/google/devshell/editor/code-oss-for-cloud-shell/out/vs/workbench/api/node/extensionHostProcess.js:173:13162)
    at Socket.emit (node:events:517:28)
    at addChunk (node:internal/streams/readable:335:12)
    at readableAddChunk (node:internal/streams/readable:308:9)
    at Socket.Readable.push (node:internal/streams/readable:245:10)
    at TCP.onStreamRead (node:internal/stream_base_commons:190:23) setContext undefined
2024-07-12 06:46:37.738 [error] Canceled: Canceled
    at new L (/google/devshell/editor/code-oss-for-cloud-shell/out/vs/workbench/api/node/extensionHostProcess.js:143:47131)
    at c.U (/google/devshell/editor/code-oss-for-cloud-shell/out/vs/workbench/api/node/extensionHostProcess.js:150:5542)
    at Proxy.F.<computed>.z.charCodeAt.F.<computed> (/google/devshell/editor/code-oss-for-cloud-shell/out/vs/workbench/api/node/extensionHostProcess.js:150:2993)
    at r.g (/google/devshell/editor/code-oss-for-cloud-shell/out/vs/workbench/api/node/extensionHostProcess.js:153:188926)
    at r.executeCommand (/google/devshell/editor/code-oss-for-cloud-shell/out/vs/workbench/api/node/extensionHostProcess.js:153:188364)
    at k.registerCommand.description (/google/devshell/editor/code-oss-for-cloud-shell/out/vs/workbench/api/node/extensionHostProcess.js:153:187688)
    at r.h (/google/devshell/editor/code-oss-for-cloud-shell/out/vs/workbench/api/node/extensionHostProcess.js:153:189465)
    at r.g (/google/devshell/editor/code-oss-for-cloud-shell/out/vs/workbench/api/node/extensionHostProcess.js:153:188457)
    at r.executeCommand (/google/devshell/editor/code-oss-for-cloud-shell/out/vs/workbench/api/node/extensionHostProcess.js:153:188364)
    at Object.executeCommand (/google/devshell/editor/code-oss-for-cloud-shell/out/vs/workbench/api/node/extensionHostProcess.js:163:22673)
    at a.VscodeDevShareProvider.set hasGitHubRepositories [as hasGitHubRepositories] (/google/devshell/editor/code-oss-for-cloud-shell/extensions/github/dist/extension.js:2:25681)
    at /google/devshell/editor/code-oss-for-cloud-shell/extensions/github/dist/extension.js:2:26640
    at a.value (/google/devshell/editor/code-oss-for-cloud-shell/extensions/git/dist/main.js:2:273373)
    at o.y (/google/devshell/editor/code-oss-for-cloud-shell/out/vs/workbench/api/node/extensionHostProcess.js:82:660)
    at o.z (/google/devshell/editor/code-oss-for-cloud-shell/out/vs/workbench/api/node/extensionHostProcess.js:82:730)
    at o.fire (/google/devshell/editor/code-oss-for-cloud-shell/out/vs/workbench/api/node/extensionHostProcess.js:82:946)
    at Object.p [as dispose] (/google/devshell/editor/code-oss-for-cloud-shell/extensions/git/dist/main.js:2:186884)
    at /google/devshell/editor/code-oss-for-cloud-shell/extensions/git/dist/main.js:2:192922
    at Array.forEach (<anonymous>)
    at f.dispose (/google/devshell/editor/code-oss-for-cloud-shell/extensions/git/dist/main.js:2:192908)
    at h.<anonymous> (/google/devshell/editor/code-oss-for-cloud-shell/out/vs/workbench/api/node/extensionHostProcess.js:151:3955)
    at h.dispose (/google/devshell/editor/code-oss-for-cloud-shell/out/vs/workbench/api/node/extensionHostProcess.js:151:4052)
    at h.<anonymous> (/google/devshell/editor/code-oss-for-cloud-shell/extensions/git/dist/main.js:2:170057)
    at h.dispose (/google/devshell/editor/code-oss-for-cloud-shell/out/vs/workbench/api/node/extensionHostProcess.js:151:4052)
    at a (/google/devshell/editor/code-oss-for-cloud-shell/out/vs/workbench/api/node/extensionHostProcess.js:30:744)
    at f.eb (/google/devshell/editor/code-oss-for-cloud-shell/out/vs/workbench/api/node/extensionHostProcess.js:159:9975)
    at /google/devshell/editor/code-oss-for-cloud-shell/out/vs/workbench/api/node/extensionHostProcess.js:159:7824
    at Array.map (<anonymous>)
    at f.$ (/google/devshell/editor/code-oss-for-cloud-shell/out/vs/workbench/api/node/extensionHostProcess.js:159:7811)
    at f.terminate (/google/devshell/editor/code-oss-for-cloud-shell/out/vs/workbench/api/node/extensionHostProcess.js:159:8085)
    at a.terminate (/google/devshell/editor/code-oss-for-cloud-shell/out/vs/workbench/api/node/extensionHostProcess.js:163:1513)
    at t (/google/devshell/editor/code-oss-for-cloud-shell/out/vs/workbench/api/node/extensionHostProcess.js:176:9922)
    at a.value (/google/devshell/editor/code-oss-for-cloud-shell/out/vs/workbench/api/node/extensionHostProcess.js:176:7969)
    at o.y (/google/devshell/editor/code-oss-for-cloud-shell/out/vs/workbench/api/node/extensionHostProcess.js:82:660)
    at o.fire (/google/devshell/editor/code-oss-for-cloud-shell/out/vs/workbench/api/node/extensionHostProcess.js:82:877)
    at u.fire (/google/devshell/editor/code-oss-for-cloud-shell/out/vs/workbench/api/node/extensionHostProcess.js:107:14175)
    at r.z (/google/devshell/editor/code-oss-for-cloud-shell/out/vs/workbench/api/node/extensionHostProcess.js:107:17240)
    at a.value (/google/devshell/editor/code-oss-for-cloud-shell/out/vs/workbench/api/node/extensionHostProcess.js:107:15692)
    at o.y (/google/devshell/editor/code-oss-for-cloud-shell/out/vs/workbench/api/node/extensionHostProcess.js:82:660)
    at o.fire (/google/devshell/editor/code-oss-for-cloud-shell/out/vs/workbench/api/node/extensionHostProcess.js:82:877)
    at f.acceptChunk (/google/devshell/editor/code-oss-for-cloud-shell/out/vs/workbench/api/node/extensionHostProcess.js:107:11949)
    at a.value (/google/devshell/editor/code-oss-for-cloud-shell/out/vs/workbench/api/node/extensionHostProcess.js:107:11236)
    at o.y (/google/devshell/editor/code-oss-for-cloud-shell/out/vs/workbench/api/node/extensionHostProcess.js:82:660)
    at o.fire (/google/devshell/editor/code-oss-for-cloud-shell/out/vs/workbench/api/node/extensionHostProcess.js:82:877)
    at i.z (/google/devshell/editor/code-oss-for-cloud-shell/out/vs/workbench/api/node/extensionHostProcess.js:173:19732)
    at i.acceptFrame (/google/devshell/editor/code-oss-for-cloud-shell/out/vs/workbench/api/node/extensionHostProcess.js:173:19538)
    at n (/google/devshell/editor/code-oss-for-cloud-shell/out/vs/workbench/api/node/extensionHostProcess.js:173:18037)
    at /google/devshell/editor/code-oss-for-cloud-shell/out/vs/workbench/api/node/extensionHostProcess.js:173:15257
    at Socket.S (/google/devshell/editor/code-oss-for-cloud-shell/out/vs/workbench/api/node/extensionHostProcess.js:173:13162)
    at Socket.emit (node:events:517:28)
    at addChunk (node:internal/streams/readable:335:12)
    at readableAddChunk (node:internal/streams/readable:308:9)
    at Socket.Readable.push (node:internal/streams/readable:245:10)
    at TCP.onStreamRead (node:internal/stream_base_commons:190:23) setContext undefined
2024-07-12 06:46:37.750 [info] Extension host with pid 5736 exiting with code 0
