2024-07-12 18:17:48.430 [info] Extension host with pid 1455 started
2024-07-12 18:17:48.430 [error] Error: EEXIST: file already exists, open '/home/nignanfatao12345/.codeoss/data/User/workspaceStorage/16bd4d1b/vscode.lock'
2024-07-12 18:17:48.437 [info] Lock '/home/nignanfatao12345/.codeoss/data/User/workspaceStorage/16bd4d1b/vscode.lock': Could not acquire lock, checking if the file is stale.
2024-07-12 18:17:48.443 [info] Lock '/home/nignanfatao12345/.codeoss/data/User/workspaceStorage/16bd4d1b/vscode.lock': The lock does not look stale, elapsed: 104 ms, giving up.
2024-07-12 18:17:48.459 [info] Lock '/home/nignanfatao12345/.codeoss/data/User/workspaceStorage/16bd4d1b-1/vscode.lock': Lock acquired.
2024-07-12 18:17:48.869 [info] ExtensionService#_doActivateExtension vscode.git-base, startup: true, activationEvent: '*', root cause: vscode.git
2024-07-12 18:17:50.076 [error] No bundle location found for extension vscode.git-base
2024-07-12 18:17:50.083 [info] ExtensionService#_doActivateExtension vscode.git, startup: true, activationEvent: '*'
2024-07-12 18:17:50.084 [info] ExtensionService#_doActivateExtension vscode.github, startup: true, activationEvent: '*'
2024-07-12 18:17:52.390 [error] No bundle location found for extension vscode.github
2024-07-12 18:17:52.390 [error] No bundle location found for extension vscode.git
2024-07-12 18:17:52.524 [warning] Using default string since no string found in i18n bundle that has the key: Log level: {0}
2024-07-12 18:17:52.527 [warning] Using default string since no string found in i18n bundle that has the key: Log level: {0}
2024-07-12 18:17:52.536 [warning] Using default string since no string found in i18n bundle that has the key: Validating found git in: "{0}"
2024-07-12 18:17:52.587 [warning] Using default string since no string found in i18n bundle that has the key: Enables the following features: {0}
2024-07-12 18:17:52.587 [warning] Using default string since no string found in i18n bundle that has the key: Using git "{0}" from "{1}"
2024-07-12 18:17:52.610 [warning] Using default string since no string found in i18n bundle that has the key: Git History
2024-07-12 18:17:52.616 [warning] Using default string since no string found in i18n bundle that has the key: Copy vscode.dev Link
2024-07-12 18:17:52.655 [info] ExtensionService#_doActivateExtension vscode.emmet, startup: false, activationEvent: 'onLanguage'
2024-07-12 18:17:52.856 [warning] Using default string since no string found in i18n bundle that has the key: Git local working changes
2024-07-12 18:17:52.857 [warning] Using default string since no string found in i18n bundle that has the key: Commit
2024-07-12 18:17:52.858 [warning] Using default string since no string found in i18n bundle that has the key: Message ({0} to commit)
2024-07-12 18:17:52.858 [warning] Using default string since no string found in i18n bundle that has the key: Merge Changes
2024-07-12 18:17:52.859 [warning] Using default string since no string found in i18n bundle that has the key: Staged Changes
2024-07-12 18:17:52.860 [warning] Using default string since no string found in i18n bundle that has the key: Changes
2024-07-12 18:17:52.860 [warning] Using default string since no string found in i18n bundle that has the key: Untracked Changes
2024-07-12 18:17:52.865 [warning] Using default string since no string found in i18n bundle that has the key: Checkout Branch/Tag...
2024-07-12 18:17:52.865 [warning] Using default string since no string found in i18n bundle that has the key: Publish to {0}
2024-07-12 18:17:52.881 [warning] Using default string since no string found in i18n bundle that has the key: Checkout Branch/Tag...
2024-07-12 18:17:52.881 [warning] Using default string since no string found in i18n bundle that has the key: Publish to {0}
2024-07-12 18:17:52.882 [warning] Using default string since no string found in i18n bundle that has the key: Checkout Branch/Tag...
2024-07-12 18:17:52.882 [warning] Using default string since no string found in i18n bundle that has the key: Publish to {0}
2024-07-12 18:17:52.884 [warning] Using default string since no string found in i18n bundle that has the key: Checkout Branch/Tag...
2024-07-12 18:17:52.884 [warning] Using default string since no string found in i18n bundle that has the key: Publish to {0}
2024-07-12 18:17:52.952 [warning] Using default string since no string found in i18n bundle that has the key: Checkout Branch/Tag...
2024-07-12 18:17:52.953 [warning] Using default string since no string found in i18n bundle that has the key: Publish to {0}
2024-07-12 18:17:52.953 [warning] Using default string since no string found in i18n bundle that has the key: Checkout Branch/Tag...
2024-07-12 18:17:52.954 [warning] Using default string since no string found in i18n bundle that has the key: Publish to {0}
2024-07-12 18:17:52.963 [warning] Using default string since no string found in i18n bundle that has the key: Message ({0} to commit on "{1}")
2024-07-12 18:17:52.964 [warning] Using default string since no string found in i18n bundle that has the key: Checkout Branch/Tag...
2024-07-12 18:17:52.964 [warning] Using default string since no string found in i18n bundle that has the key: Synchronize Changes
2024-07-12 18:17:52.964 [warning] Using default string since no string found in i18n bundle that has the key: Checkout Branch/Tag...
2024-07-12 18:17:52.965 [warning] Using default string since no string found in i18n bundle that has the key: Synchronize Changes
2024-07-12 18:17:52.968 [warning] Using default string since no string found in i18n bundle that has the key: Commit & Push Changes
2024-07-12 18:17:52.969 [warning] Using default string since no string found in i18n bundle that has the key: Commit & Sync Changes
2024-07-12 18:17:52.969 [warning] Using default string since no string found in i18n bundle that has the key: {0} Commit & Push
2024-07-12 18:17:52.969 [warning] Using default string since no string found in i18n bundle that has the key: {0} Commit & Sync
2024-07-12 18:17:52.970 [warning] Using default string since no string found in i18n bundle that has the key: Commit Changes on "{0}"
2024-07-12 18:17:52.970 [warning] Using default string since no string found in i18n bundle that has the key: {0} Commit
2024-07-12 18:17:52.970 [warning] Using default string since no string found in i18n bundle that has the key: {0} Commit (Amend)
2024-07-12 18:17:52.977 [warning] Using default string since no string found in i18n bundle that has the key: Commit Changes on "{0}"
2024-07-12 18:17:52.977 [warning] Using default string since no string found in i18n bundle that has the key: {0} Commit
2024-07-12 18:17:52.977 [warning] Using default string since no string found in i18n bundle that has the key: {0} Commit (Amend)
2024-07-12 18:17:52.977 [warning] Using default string since no string found in i18n bundle that has the key: Commit & Push Changes
2024-07-12 18:17:52.977 [warning] Using default string since no string found in i18n bundle that has the key: Commit & Sync Changes
2024-07-12 18:17:52.977 [warning] Using default string since no string found in i18n bundle that has the key: {0} Commit & Push
2024-07-12 18:17:52.978 [warning] Using default string since no string found in i18n bundle that has the key: {0} Commit & Sync
2024-07-12 18:17:52.978 [warning] Using default string since no string found in i18n bundle that has the key: Commit Changes on "{0}"
2024-07-12 18:17:52.978 [warning] Using default string since no string found in i18n bundle that has the key: {0} Commit
2024-07-12 18:17:52.978 [warning] Using default string since no string found in i18n bundle that has the key: {0} Commit (Amend)
2024-07-12 18:17:52.979 [warning] Using default string since no string found in i18n bundle that has the key: Checkout Branch/Tag...
2024-07-12 18:17:52.979 [warning] Using default string since no string found in i18n bundle that has the key: Synchronize Changes
2024-07-12 18:17:52.980 [warning] Using default string since no string found in i18n bundle that has the key: Checkout Branch/Tag...
2024-07-12 18:17:52.980 [warning] Using default string since no string found in i18n bundle that has the key: Synchronize Changes
2024-07-12 18:17:52.982 [warning] Using default string since no string found in i18n bundle that has the key: Checkout Branch/Tag...
2024-07-12 18:17:52.982 [warning] Using default string since no string found in i18n bundle that has the key: Synchronize Changes
2024-07-12 18:17:52.982 [warning] Using default string since no string found in i18n bundle that has the key: Checkout Branch/Tag...
2024-07-12 18:17:52.982 [warning] Using default string since no string found in i18n bundle that has the key: Synchronize Changes
2024-07-12 18:17:52.995 [warning] Using default string since no string found in i18n bundle that has the key: Checkout Branch/Tag...
2024-07-12 18:17:52.995 [warning] Using default string since no string found in i18n bundle that has the key: Synchronize Changes
2024-07-12 18:17:52.995 [warning] Using default string since no string found in i18n bundle that has the key: Checkout Branch/Tag...
2024-07-12 18:17:52.995 [warning] Using default string since no string found in i18n bundle that has the key: Synchronize Changes
2024-07-12 18:17:52.996 [warning] Using default string since no string found in i18n bundle that has the key: Checkout Branch/Tag...
2024-07-12 18:17:52.996 [warning] Using default string since no string found in i18n bundle that has the key: Synchronize Changes
2024-07-12 18:17:52.996 [warning] Using default string since no string found in i18n bundle that has the key: Checkout Branch/Tag...
2024-07-12 18:17:52.996 [warning] Using default string since no string found in i18n bundle that has the key: Synchronize Changes
2024-07-12 18:17:53.014 [warning] Using default string since no string found in i18n bundle that has the key: Checkout Branch/Tag...
2024-07-12 18:17:53.014 [warning] Using default string since no string found in i18n bundle that has the key: Synchronize Changes
2024-07-12 18:17:53.014 [warning] Using default string since no string found in i18n bundle that has the key: Checkout Branch/Tag...
2024-07-12 18:17:53.014 [warning] Using default string since no string found in i18n bundle that has the key: Synchronize Changes
2024-07-12 18:17:53.015 [warning] Using default string since no string found in i18n bundle that has the key: Checkout Branch/Tag...
2024-07-12 18:17:53.015 [warning] Using default string since no string found in i18n bundle that has the key: Synchronize Changes
2024-07-12 18:17:53.015 [warning] Using default string since no string found in i18n bundle that has the key: Checkout Branch/Tag...
2024-07-12 18:17:53.015 [warning] Using default string since no string found in i18n bundle that has the key: Synchronize Changes
2024-07-12 18:17:53.031 [warning] Using default string since no string found in i18n bundle that has the key: Checkout Branch/Tag...
2024-07-12 18:17:53.032 [warning] Using default string since no string found in i18n bundle that has the key: Synchronize Changes
2024-07-12 18:17:53.032 [warning] Using default string since no string found in i18n bundle that has the key: Checkout Branch/Tag...
2024-07-12 18:17:53.032 [warning] Using default string since no string found in i18n bundle that has the key: Synchronize Changes
2024-07-12 18:17:53.045 [warning] Using default string since no string found in i18n bundle that has the key: Message ({0} to commit on "{1}")
2024-07-12 18:17:53.046 [warning] Using default string since no string found in i18n bundle that has the key: Checkout Branch/Tag...
2024-07-12 18:17:53.046 [warning] Using default string since no string found in i18n bundle that has the key: Synchronize Changes
2024-07-12 18:17:53.046 [warning] Using default string since no string found in i18n bundle that has the key: Checkout Branch/Tag...
2024-07-12 18:17:53.046 [warning] Using default string since no string found in i18n bundle that has the key: Synchronize Changes
2024-07-12 18:17:53.047 [warning] Using default string since no string found in i18n bundle that has the key: Checkout Branch/Tag...
2024-07-12 18:17:53.047 [warning] Using default string since no string found in i18n bundle that has the key: Synchronize Changes
2024-07-12 18:17:53.047 [warning] Using default string since no string found in i18n bundle that has the key: Checkout Branch/Tag...
2024-07-12 18:17:53.047 [warning] Using default string since no string found in i18n bundle that has the key: Synchronize Changes
2024-07-12 18:17:55.815 [info] ExtensionService#_doActivateExtension vscode.github-authentication, startup: false, activationEvent: 'onAuthenticationRequest:github'
2024-07-12 18:17:55.824 [info] ExtensionService#_doActivateExtension redhat.fabric8-analytics, startup: true, activationEvent: 'workspaceContains:**/package.json,**/pom.xml,**/go.mod,**/requirements.txt'
2024-07-12 18:17:56.325 [error] No bundle location found for extension vscode.emmet
2024-07-12 18:17:57.045 [error] No bundle location found for extension redhat.fabric8-analytics
2024-07-12 18:17:57.272 [info] Eager extensions activated
2024-07-12 18:17:57.272 [info] ExtensionService#_doActivateExtension EditorConfig.EditorConfig, startup: false, activationEvent: 'onStartupFinished'
2024-07-12 18:17:57.273 [info] ExtensionService#_doActivateExtension google.cloud-shell, startup: false, activationEvent: 'onStartupFinished'
2024-07-12 18:17:57.273 [info] ExtensionService#_doActivateExtension googlecloudtools.cloudcode, startup: false, activationEvent: 'onStartupFinished'
2024-07-12 18:17:57.274 [info] ExtensionService#_doActivateExtension vscode.debug-auto-launch, startup: false, activationEvent: 'onStartupFinished'
2024-07-12 18:17:57.274 [info] ExtensionService#_doActivateExtension vscode.merge-conflict, startup: false, activationEvent: 'onStartupFinished'
2024-07-12 18:17:57.430 [error] No bundle location found for extension vscode.github-authentication
2024-07-12 18:17:57.493 [warning] Using default string since no string found in i18n bundle that has the key: url handler
2024-07-12 18:17:57.494 [warning] Using default string since no string found in i18n bundle that has the key: local server
2024-07-12 18:17:57.494 [warning] Using default string since no string found in i18n bundle that has the key: device code
2024-07-12 18:17:57.494 [warning] Using default string since no string found in i18n bundle that has the key: personal access token
2024-07-12 18:17:58.147 [error] No bundle location found for extension EditorConfig.EditorConfig
2024-07-12 18:17:58.322 [error] No bundle location found for extension google.cloud-shell
2024-07-12 18:17:58.382 [error] No bundle location found for extension googlecloudtools.cloudcode
2024-07-12 18:18:00.688 [info] ExtensionService#_doActivateExtension vscode.json-language-features, startup: false, activationEvent: 'onLanguage:jsonc'
2024-07-12 18:18:00.688 [info] ExtensionService#_doActivateExtension vscode.typescript-language-features, startup: false, activationEvent: 'onLanguage:jsonc'
2024-07-12 18:18:00.689 [error] No bundle location found for extension vscode.debug-auto-launch
2024-07-12 18:18:00.689 [error] No bundle location found for extension vscode.merge-conflict
2024-07-12 18:18:00.691 [warning] Using default string since no string found in i18n bundle that has the key: Auto Attach: Disabled
2024-07-12 18:18:00.691 [warning] Using default string since no string found in i18n bundle that has the key: Auto Attach: Always
2024-07-12 18:18:00.691 [warning] Using default string since no string found in i18n bundle that has the key: Auto Attach: Smart
2024-07-12 18:18:00.691 [warning] Using default string since no string found in i18n bundle that has the key: Auto Attach: With Flag
2024-07-12 18:18:00.691 [warning] Using default string since no string found in i18n bundle that has the key: Disabled
2024-07-12 18:18:00.691 [warning] Using default string since no string found in i18n bundle that has the key: Always
2024-07-12 18:18:00.691 [warning] Using default string since no string found in i18n bundle that has the key: Smart
2024-07-12 18:18:00.691 [warning] Using default string since no string found in i18n bundle that has the key: Only With Flag
2024-07-12 18:18:00.691 [warning] Using default string since no string found in i18n bundle that has the key: Auto attach is disabled and not shown in status bar
2024-07-12 18:18:00.691 [warning] Using default string since no string found in i18n bundle that has the key: Auto attach to every Node.js process launched in the terminal
2024-07-12 18:18:00.691 [warning] Using default string since no string found in i18n bundle that has the key: Auto attach when running scripts that aren't in a node_modules folder
2024-07-12 18:18:00.691 [warning] Using default string since no string found in i18n bundle that has the key: Only auto attach when the `--inspect` flag is given
2024-07-12 18:18:00.691 [warning] Using default string since no string found in i18n bundle that has the key: Toggle auto attach in this workspace
2024-07-12 18:18:00.691 [warning] Using default string since no string found in i18n bundle that has the key: Toggle auto attach on this machine
2024-07-12 18:18:00.691 [warning] Using default string since no string found in i18n bundle that has the key: Temporarily disable auto attach in this session
2024-07-12 18:18:00.691 [warning] Using default string since no string found in i18n bundle that has the key: Re-enable auto attach
2024-07-12 18:18:00.691 [warning] Using default string since no string found in i18n bundle that has the key: Auto Attach: Disabled
2024-07-12 18:18:00.720 [warning] Using default string since no string found in i18n bundle that has the key: (Current Change)
2024-07-12 18:18:00.721 [warning] Using default string since no string found in i18n bundle that has the key: (Incoming Change)
2024-07-12 18:18:01.962 [error] No bundle location found for extension vscode.json-language-features
2024-07-12 18:18:02.078 [warning] Using default string since no string found in i18n bundle that has the key: Configure
2024-07-12 18:18:02.078 [warning] Using default string since no string found in i18n bundle that has the key: JSON Language Server
2024-07-12 18:18:02.095 [error] No bundle location found for extension vscode.typescript-language-features
2024-07-12 18:18:02.157 [warning] Using default string since no string found in i18n bundle that has the key: Learn more about managing TypeScript versions
2024-07-12 18:18:02.248 [warning] Using default string since no string found in i18n bundle that has the key: JSON: Schema Resolution Error
2024-07-12 18:18:02.500 [warning] Using default string since no string found in i18n bundle that has the key: Unable to resolve schema. Click to retry.
2024-07-12 18:18:02.501 [warning] Using default string since no string found in i18n bundle that has the key: JSON Validation Status
2024-07-12 18:18:02.502 [warning] Using default string since no string found in i18n bundle that has the key: Unable to compute used schemas: No document
2024-07-12 18:18:14.943 [warning] Using default string since no string found in i18n bundle that has the key: Checkout Branch/Tag...
2024-07-12 18:18:14.943 [warning] Using default string since no string found in i18n bundle that has the key: Synchronize Changes
2024-07-12 18:18:14.943 [warning] Using default string since no string found in i18n bundle that has the key: Checkout Branch/Tag...
2024-07-12 18:18:14.943 [warning] Using default string since no string found in i18n bundle that has the key: Synchronize Changes
2024-07-12 18:18:14.964 [warning] Using default string since no string found in i18n bundle that has the key: Checkout Branch/Tag...
2024-07-12 18:18:14.964 [warning] Using default string since no string found in i18n bundle that has the key: Synchronize Changes
2024-07-12 18:18:14.964 [warning] Using default string since no string found in i18n bundle that has the key: Checkout Branch/Tag...
2024-07-12 18:18:14.964 [warning] Using default string since no string found in i18n bundle that has the key: Synchronize Changes
2024-07-12 18:21:15.969 [warning] Using default string since no string found in i18n bundle that has the key: Loading JSON info
2024-07-12 18:21:15.991 [warning] Using default string since no string found in i18n bundle that has the key: No Schema Validation
2024-07-12 18:21:15.992 [warning] Using default string since no string found in i18n bundle that has the key: no JSON schema configured
2024-07-12 18:21:15.992 [warning] Using default string since no string found in i18n bundle that has the key: Show Schemas
2024-07-12 18:21:49.252 [warning] Using default string since no string found in i18n bundle that has the key: Unable to compute used schemas: No document
2024-07-12 18:21:52.378 [warning] Using default string since no string found in i18n bundle that has the key: Loading JSON info
2024-07-12 18:21:52.381 [warning] Using default string since no string found in i18n bundle that has the key: Unable to compute used schemas: No document
2024-07-12 18:21:52.382 [info] ExtensionService#_doActivateExtension vscode.extension-editing, startup: false, activationEvent: 'onLanguage:json'
2024-07-12 18:21:52.383 [info] ExtensionService#_doActivateExtension vscode.npm, startup: false, activationEvent: 'onLanguage:json'
2024-07-12 18:21:52.434 [warning] Using default string since no string found in i18n bundle that has the key: No Schema Validation
2024-07-12 18:21:52.435 [warning] Using default string since no string found in i18n bundle that has the key: no JSON schema configured
2024-07-12 18:21:52.435 [warning] Using default string since no string found in i18n bundle that has the key: Show Schemas
2024-07-12 18:21:53.129 [warning] Using default string since no string found in i18n bundle that has the key: Loading JSON info
2024-07-12 18:21:53.147 [warning] Using default string since no string found in i18n bundle that has the key: No Schema Validation
2024-07-12 18:21:53.148 [warning] Using default string since no string found in i18n bundle that has the key: no JSON schema configured
2024-07-12 18:21:53.148 [warning] Using default string since no string found in i18n bundle that has the key: Show Schemas
2024-07-12 18:21:55.028 [error] No bundle location found for extension vscode.extension-editing
2024-07-12 18:21:55.049 [warning] Using default string since no string found in i18n bundle that has the key: This activation event cannot be explicitly listed by your extension.
2024-07-12 18:21:55.049 [warning] Using default string since no string found in i18n bundle that has the key: This activation event can be removed as Code OSS generates these automatically from your package.json contribution declarations.
2024-07-12 18:21:55.050 [warning] Using default string since no string found in i18n bundle that has the key: Images must use the HTTPS protocol.
2024-07-12 18:21:55.050 [warning] Using default string since no string found in i18n bundle that has the key: SVGs are not a valid image source.
2024-07-12 18:21:55.050 [warning] Using default string since no string found in i18n bundle that has the key: Embedded SVGs are not a valid image source.
2024-07-12 18:21:55.052 [warning] Using default string since no string found in i18n bundle that has the key: Data URLs are not a valid image source.
2024-07-12 18:21:55.053 [warning] Using default string since no string found in i18n bundle that has the key: Relative image URLs require a repository with HTTPS protocol to be specified in the package.json.
2024-07-12 18:21:55.053 [warning] Using default string since no string found in i18n bundle that has the key: Relative badge URLs require a repository with HTTPS protocol to be specified in this package.json.
2024-07-12 18:21:55.053 [warning] Using default string since no string found in i18n bundle that has the key: This proposal cannot be used because for this extension the product defines a fixed set of API proposals. You can test your extension but before publishing you MUST reach out to the Code OSS team.
2024-07-12 18:21:55.053 [warning] Using default string since no string found in i18n bundle that has the key: This activation event can be removed for extensions targeting engine version ^1.75 as Code OSS will generate these automatically from your package.json contribution declarations.
2024-07-12 18:21:55.053 [warning] Using default string since no string found in i18n bundle that has the key: Using '*' activation is usually a bad idea as it impacts performance.
2024-07-12 18:21:55.053 [warning] Using default string since no string found in i18n bundle that has the key: Error parsing the when-clause:
2024-07-12 18:21:55.055 [error] No bundle location found for extension vscode.npm
