Error: Cannot find module '@whiskeysockets/baileys'
Require stack:
- /home/nignanfatao12345/tesbot_md/index.js
    at Function.Module._resolveFilename (internal/modules/cjs/loader.js:931:15)
    at Module.Hook._require.Module.require (/usr/lib/node_modules/pm2/node_modules/require-in-the-middle/index.js:81:25)
    at require (internal/modules/cjs/helpers.js:107:18)
    at Object.<anonymous> (/home/nignanfatao12345/tesbot_md/index.js:29:36)
    at Module._compile (internal/modules/cjs/loader.js:1114:14)
    at Object.Module._extensions..js (internal/modules/cjs/loader.js:1143:10)
    at Module.load (internal/modules/cjs/loader.js:979:32)
    at Function.Module._load (internal/modules/cjs/loader.js:819:12)
    at Object.<anonymous> (/usr/lib/node_modules/pm2/lib/ProcessContainerFork.js:33:23)
    at Module._compile (internal/modules/cjs/loader.js:1114:14) {
  code: 'MODULE_NOT_FOUND',
  requireStack: [ '/home/nignanfatao12345/tesbot_md/index.js' ]
}
Error: Cannot find module '@whiskeysockets/baileys'
Require stack:
- /home/nignanfatao12345/tesbot_md/index.js
    at Function.Module._resolveFilename (internal/modules/cjs/loader.js:931:15)
    at Module.Hook._require.Module.require (/usr/lib/node_modules/pm2/node_modules/require-in-the-middle/index.js:81:25)
    at require (internal/modules/cjs/helpers.js:107:18)
    at Object.<anonymous> (/home/nignanfatao12345/tesbot_md/index.js:29:36)
    at Module._compile (internal/modules/cjs/loader.js:1114:14)
    at Object.Module._extensions..js (internal/modules/cjs/loader.js:1143:10)
    at Module.load (internal/modules/cjs/loader.js:979:32)
    at Function.Module._load (internal/modules/cjs/loader.js:819:12)
    at Object.<anonymous> (/usr/lib/node_modules/pm2/lib/ProcessContainerFork.js:33:23)
    at Module._compile (internal/modules/cjs/loader.js:1114:14) {
  code: 'MODULE_NOT_FOUND',
  requireStack: [ '/home/nignanfatao12345/tesbot_md/index.js' ]
}
Error: Cannot find module '@whiskeysockets/baileys'
Require stack:
- /home/nignanfatao12345/tesbot_md/index.js
    at Function.Module._resolveFilename (internal/modules/cjs/loader.js:931:15)
    at Module.Hook._require.Module.require (/usr/lib/node_modules/pm2/node_modules/require-in-the-middle/index.js:81:25)
    at require (internal/modules/cjs/helpers.js:107:18)
    at Object.<anonymous> (/home/nignanfatao12345/tesbot_md/index.js:29:36)
    at Module._compile (internal/modules/cjs/loader.js:1114:14)
    at Object.Module._extensions..js (internal/modules/cjs/loader.js:1143:10)
    at Module.load (internal/modules/cjs/loader.js:979:32)
    at Function.Module._load (internal/modules/cjs/loader.js:819:12)
    at Object.<anonymous> (/usr/lib/node_modules/pm2/lib/ProcessContainerFork.js:33:23)
    at Module._compile (internal/modules/cjs/loader.js:1114:14) {
  code: 'MODULE_NOT_FOUND',
  requireStack: [ '/home/nignanfatao12345/tesbot_md/index.js' ]
}
Error: Cannot find module '@whiskeysockets/baileys'
Require stack:
- /home/nignanfatao12345/tesbot_md/index.js
    at Function.Module._resolveFilename (internal/modules/cjs/loader.js:931:15)
    at Module.Hook._require.Module.require (/usr/lib/node_modules/pm2/node_modules/require-in-the-middle/index.js:81:25)
    at require (internal/modules/cjs/helpers.js:107:18)
    at Object.<anonymous> (/home/nignanfatao12345/tesbot_md/index.js:29:36)
    at Module._compile (internal/modules/cjs/loader.js:1114:14)
    at Object.Module._extensions..js (internal/modules/cjs/loader.js:1143:10)
    at Module.load (internal/modules/cjs/loader.js:979:32)
    at Function.Module._load (internal/modules/cjs/loader.js:819:12)
    at Object.<anonymous> (/usr/lib/node_modules/pm2/lib/ProcessContainerFork.js:33:23)
    at Module._compile (internal/modules/cjs/loader.js:1114:14) {
  code: 'MODULE_NOT_FOUND',
  requireStack: [ '/home/nignanfatao12345/tesbot_md/index.js' ]
}
Error: Cannot find module '@whiskeysockets/baileys'
Require stack:
- /home/nignanfatao12345/tesbot_md/index.js
    at Function.Module._resolveFilename (internal/modules/cjs/loader.js:931:15)
    at Module.Hook._require.Module.require (/usr/lib/node_modules/pm2/node_modules/require-in-the-middle/index.js:81:25)
    at require (internal/modules/cjs/helpers.js:107:18)
    at Object.<anonymous> (/home/nignanfatao12345/tesbot_md/index.js:29:36)
    at Module._compile (internal/modules/cjs/loader.js:1114:14)
    at Object.Module._extensions..js (internal/modules/cjs/loader.js:1143:10)
    at Module.load (internal/modules/cjs/loader.js:979:32)
    at Function.Module._load (internal/modules/cjs/loader.js:819:12)
    at Object.<anonymous> (/usr/lib/node_modules/pm2/lib/ProcessContainerFork.js:33:23)
    at Module._compile (internal/modules/cjs/loader.js:1114:14) {
  code: 'MODULE_NOT_FOUND',
  requireStack: [ '/home/nignanfatao12345/tesbot_md/index.js' ]
}
Error: Cannot find module '@whiskeysockets/baileys'
Require stack:
- /home/nignanfatao12345/tesbot_md/index.js
    at Function.Module._resolveFilename (internal/modules/cjs/loader.js:931:15)
    at Module.Hook._require.Module.require (/usr/lib/node_modules/pm2/node_modules/require-in-the-middle/index.js:81:25)
    at require (internal/modules/cjs/helpers.js:107:18)
    at Object.<anonymous> (/home/nignanfatao12345/tesbot_md/index.js:29:36)
    at Module._compile (internal/modules/cjs/loader.js:1114:14)
    at Object.Module._extensions..js (internal/modules/cjs/loader.js:1143:10)
    at Module.load (internal/modules/cjs/loader.js:979:32)
    at Function.Module._load (internal/modules/cjs/loader.js:819:12)
    at Object.<anonymous> (/usr/lib/node_modules/pm2/lib/ProcessContainerFork.js:33:23)
    at Module._compile (internal/modules/cjs/loader.js:1114:14) {
  code: 'MODULE_NOT_FOUND',
  requireStack: [ '/home/nignanfatao12345/tesbot_md/index.js' ]
}
Error: Cannot find module '@whiskeysockets/baileys'
Require stack:
- /home/nignanfatao12345/tesbot_md/index.js
    at Function.Module._resolveFilename (internal/modules/cjs/loader.js:931:15)
    at Module.Hook._require.Module.require (/usr/lib/node_modules/pm2/node_modules/require-in-the-middle/index.js:81:25)
    at require (internal/modules/cjs/helpers.js:107:18)
    at Object.<anonymous> (/home/nignanfatao12345/tesbot_md/index.js:29:36)
    at Module._compile (internal/modules/cjs/loader.js:1114:14)
    at Object.Module._extensions..js (internal/modules/cjs/loader.js:1143:10)
    at Module.load (internal/modules/cjs/loader.js:979:32)
    at Function.Module._load (internal/modules/cjs/loader.js:819:12)
    at Object.<anonymous> (/usr/lib/node_modules/pm2/lib/ProcessContainerFork.js:33:23)
    at Module._compile (internal/modules/cjs/loader.js:1114:14) {
  code: 'MODULE_NOT_FOUND',
  requireStack: [ '/home/nignanfatao12345/tesbot_md/index.js' ]
}
Error: Cannot find module '@whiskeysockets/baileys'
Require stack:
- /home/nignanfatao12345/tesbot_md/index.js
    at Function.Module._resolveFilename (internal/modules/cjs/loader.js:931:15)
    at Module.Hook._require.Module.require (/usr/lib/node_modules/pm2/node_modules/require-in-the-middle/index.js:81:25)
    at require (internal/modules/cjs/helpers.js:107:18)
    at Object.<anonymous> (/home/nignanfatao12345/tesbot_md/index.js:29:36)
    at Module._compile (internal/modules/cjs/loader.js:1114:14)
    at Object.Module._extensions..js (internal/modules/cjs/loader.js:1143:10)
    at Module.load (internal/modules/cjs/loader.js:979:32)
    at Function.Module._load (internal/modules/cjs/loader.js:819:12)
    at Object.<anonymous> (/usr/lib/node_modules/pm2/lib/ProcessContainerFork.js:33:23)
    at Module._compile (internal/modules/cjs/loader.js:1114:14) {
  code: 'MODULE_NOT_FOUND',
  requireStack: [ '/home/nignanfatao12345/tesbot_md/index.js' ]
}
Error: Cannot find module '@whiskeysockets/baileys'
Require stack:
- /home/nignanfatao12345/tesbot_md/index.js
    at Function.Module._resolveFilename (internal/modules/cjs/loader.js:931:15)
    at Module.Hook._require.Module.require (/usr/lib/node_modules/pm2/node_modules/require-in-the-middle/index.js:81:25)
    at require (internal/modules/cjs/helpers.js:107:18)
    at Object.<anonymous> (/home/nignanfatao12345/tesbot_md/index.js:29:36)
    at Module._compile (internal/modules/cjs/loader.js:1114:14)
    at Object.Module._extensions..js (internal/modules/cjs/loader.js:1143:10)
    at Module.load (internal/modules/cjs/loader.js:979:32)
    at Function.Module._load (internal/modules/cjs/loader.js:819:12)
    at Object.<anonymous> (/usr/lib/node_modules/pm2/lib/ProcessContainerFork.js:33:23)
    at Module._compile (internal/modules/cjs/loader.js:1114:14) {
  code: 'MODULE_NOT_FOUND',
  requireStack: [ '/home/nignanfatao12345/tesbot_md/index.js' ]
}
Error: Cannot find module '@whiskeysockets/baileys'
Require stack:
- /home/nignanfatao12345/tesbot_md/index.js
    at Function.Module._resolveFilename (internal/modules/cjs/loader.js:931:15)
    at Module.Hook._require.Module.require (/usr/lib/node_modules/pm2/node_modules/require-in-the-middle/index.js:81:25)
    at require (internal/modules/cjs/helpers.js:107:18)
    at Object.<anonymous> (/home/nignanfatao12345/tesbot_md/index.js:29:36)
    at Module._compile (internal/modules/cjs/loader.js:1114:14)
    at Object.Module._extensions..js (internal/modules/cjs/loader.js:1143:10)
    at Module.load (internal/modules/cjs/loader.js:979:32)
    at Function.Module._load (internal/modules/cjs/loader.js:819:12)
    at Object.<anonymous> (/usr/lib/node_modules/pm2/lib/ProcessContainerFork.js:33:23)
    at Module._compile (internal/modules/cjs/loader.js:1114:14) {
  code: 'MODULE_NOT_FOUND',
  requireStack: [ '/home/nignanfatao12345/tesbot_md/index.js' ]
}
Error: Cannot find module '@whiskeysockets/baileys'
Require stack:
- /home/nignanfatao12345/tesbot_md/index.js
    at Function.Module._resolveFilename (internal/modules/cjs/loader.js:931:15)
    at Module.Hook._require.Module.require (/usr/lib/node_modules/pm2/node_modules/require-in-the-middle/index.js:81:25)
    at require (internal/modules/cjs/helpers.js:107:18)
    at Object.<anonymous> (/home/nignanfatao12345/tesbot_md/index.js:29:36)
    at Module._compile (internal/modules/cjs/loader.js:1114:14)
    at Object.Module._extensions..js (internal/modules/cjs/loader.js:1143:10)
    at Module.load (internal/modules/cjs/loader.js:979:32)
    at Function.Module._load (internal/modules/cjs/loader.js:819:12)
    at Object.<anonymous> (/usr/lib/node_modules/pm2/lib/ProcessContainerFork.js:33:23)
    at Module._compile (internal/modules/cjs/loader.js:1114:14) {
  code: 'MODULE_NOT_FOUND',
  requireStack: [ '/home/nignanfatao12345/tesbot_md/index.js' ]
}
Error: Cannot find module '@whiskeysockets/baileys'
Require stack:
- /home/nignanfatao12345/tesbot_md/index.js
    at Function.Module._resolveFilename (internal/modules/cjs/loader.js:931:15)
    at Module.Hook._require.Module.require (/usr/lib/node_modules/pm2/node_modules/require-in-the-middle/index.js:81:25)
    at require (internal/modules/cjs/helpers.js:107:18)
    at Object.<anonymous> (/home/nignanfatao12345/tesbot_md/index.js:29:36)
    at Module._compile (internal/modules/cjs/loader.js:1114:14)
    at Object.Module._extensions..js (internal/modules/cjs/loader.js:1143:10)
    at Module.load (internal/modules/cjs/loader.js:979:32)
    at Function.Module._load (internal/modules/cjs/loader.js:819:12)
    at Object.<anonymous> (/usr/lib/node_modules/pm2/lib/ProcessContainerFork.js:33:23)
    at Module._compile (internal/modules/cjs/loader.js:1114:14) {
  code: 'MODULE_NOT_FOUND',
  requireStack: [ '/home/nignanfatao12345/tesbot_md/index.js' ]
}
Error: Cannot find module '@whiskeysockets/baileys'
Require stack:
- /home/nignanfatao12345/tesbot_md/index.js
    at Function.Module._resolveFilename (internal/modules/cjs/loader.js:931:15)
    at Module.Hook._require.Module.require (/usr/lib/node_modules/pm2/node_modules/require-in-the-middle/index.js:81:25)
    at require (internal/modules/cjs/helpers.js:107:18)
    at Object.<anonymous> (/home/nignanfatao12345/tesbot_md/index.js:29:36)
    at Module._compile (internal/modules/cjs/loader.js:1114:14)
    at Object.Module._extensions..js (internal/modules/cjs/loader.js:1143:10)
    at Module.load (internal/modules/cjs/loader.js:979:32)
    at Function.Module._load (internal/modules/cjs/loader.js:819:12)
    at Object.<anonymous> (/usr/lib/node_modules/pm2/lib/ProcessContainerFork.js:33:23)
    at Module._compile (internal/modules/cjs/loader.js:1114:14) {
  code: 'MODULE_NOT_FOUND',
  requireStack: [ '/home/nignanfatao12345/tesbot_md/index.js' ]
}
Error: Cannot find module '@whiskeysockets/baileys'
Require stack:
- /home/nignanfatao12345/tesbot_md/index.js
    at Function.Module._resolveFilename (internal/modules/cjs/loader.js:931:15)
    at Module.Hook._require.Module.require (/usr/lib/node_modules/pm2/node_modules/require-in-the-middle/index.js:81:25)
    at require (internal/modules/cjs/helpers.js:107:18)
    at Object.<anonymous> (/home/nignanfatao12345/tesbot_md/index.js:29:36)
    at Module._compile (internal/modules/cjs/loader.js:1114:14)
    at Object.Module._extensions..js (internal/modules/cjs/loader.js:1143:10)
    at Module.load (internal/modules/cjs/loader.js:979:32)
    at Function.Module._load (internal/modules/cjs/loader.js:819:12)
    at Object.<anonymous> (/usr/lib/node_modules/pm2/lib/ProcessContainerFork.js:33:23)
    at Module._compile (internal/modules/cjs/loader.js:1114:14) {
  code: 'MODULE_NOT_FOUND',
  requireStack: [ '/home/nignanfatao12345/tesbot_md/index.js' ]
}
Error: Cannot find module '@whiskeysockets/baileys'
Require stack:
- /home/nignanfatao12345/tesbot_md/index.js
    at Function.Module._resolveFilename (internal/modules/cjs/loader.js:931:15)
    at Module.Hook._require.Module.require (/usr/lib/node_modules/pm2/node_modules/require-in-the-middle/index.js:81:25)
    at require (internal/modules/cjs/helpers.js:107:18)
    at Object.<anonymous> (/home/nignanfatao12345/tesbot_md/index.js:29:36)
    at Module._compile (internal/modules/cjs/loader.js:1114:14)
    at Object.Module._extensions..js (internal/modules/cjs/loader.js:1143:10)
    at Module.load (internal/modules/cjs/loader.js:979:32)
    at Function.Module._load (internal/modules/cjs/loader.js:819:12)
    at Object.<anonymous> (/usr/lib/node_modules/pm2/lib/ProcessContainerFork.js:33:23)
    at Module._compile (internal/modules/cjs/loader.js:1114:14) {
  code: 'MODULE_NOT_FOUND',
  requireStack: [ '/home/nignanfatao12345/tesbot_md/index.js' ]
}
Error: Cannot find module '@whiskeysockets/baileys'
Require stack:
- /home/nignanfatao12345/tesbot_md/index.js
    at Function.Module._resolveFilename (internal/modules/cjs/loader.js:931:15)
    at Module.Hook._require.Module.require (/usr/lib/node_modules/pm2/node_modules/require-in-the-middle/index.js:81:25)
    at require (internal/modules/cjs/helpers.js:107:18)
    at Object.<anonymous> (/home/nignanfatao12345/tesbot_md/index.js:29:36)
    at Module._compile (internal/modules/cjs/loader.js:1114:14)
    at Object.Module._extensions..js (internal/modules/cjs/loader.js:1143:10)
    at Module.load (internal/modules/cjs/loader.js:979:32)
    at Function.Module._load (internal/modules/cjs/loader.js:819:12)
    at Object.<anonymous> (/usr/lib/node_modules/pm2/lib/ProcessContainerFork.js:33:23)
    at Module._compile (internal/modules/cjs/loader.js:1114:14) {
  code: 'MODULE_NOT_FOUND',
  requireStack: [ '/home/nignanfatao12345/tesbot_md/index.js' ]
}
