2024-07-12 18:11:31.331 [info] Log level: Info
2024-07-12 18:11:31.331 [info] Validating found git in: "git"
2024-07-12 18:11:31.331 [info] Using git "2.34.1" from "git"
2024-07-12 18:11:31.331 [info] > git rev-parse --show-toplevel [5ms]
2024-07-12 18:11:31.331 [info] fatal: not a git repository (or any parent up to mount point /)
Stopping at filesystem boundary (GIT_DISCOVERY_ACROSS_FILESYSTEM not set).
2024-07-12 18:11:31.331 [info] > git rev-parse --show-toplevel [42ms]
2024-07-12 18:11:31.331 [info] fatal: not a git repository (or any parent up to mount point /)
Stopping at filesystem boundary (GIT_DISCOVERY_ACROSS_FILESYSTEM not set).
2024-07-12 18:11:31.331 [info] > git rev-parse --show-toplevel [2ms]
2024-07-12 18:11:31.331 [info] fatal: not a git repository (or any parent up to mount point /)
Stopping at filesystem boundary (GIT_DISCOVERY_ACROSS_FILESYSTEM not set).
2024-07-12 18:11:31.331 [info] > git rev-parse --show-toplevel [2ms]
2024-07-12 18:11:31.331 [info] fatal: not a git repository (or any parent up to mount point /)
Stopping at filesystem boundary (GIT_DISCOVERY_ACROSS_FILESYSTEM not set).
2024-07-12 18:11:31.331 [info] > git rev-parse --show-toplevel [1ms]
2024-07-12 18:11:31.331 [info] fatal: not a git repository (or any parent up to mount point /)
Stopping at filesystem boundary (GIT_DISCOVERY_ACROSS_FILESYSTEM not set).
2024-07-12 18:11:31.331 [info] > git rev-parse --show-toplevel [1ms]
2024-07-12 18:11:31.331 [info] fatal: not a git repository (or any parent up to mount point /)
Stopping at filesystem boundary (GIT_DISCOVERY_ACROSS_FILESYSTEM not set).
2024-07-12 18:11:31.331 [info] > git rev-parse --show-toplevel [2ms]
2024-07-12 18:11:31.331 [info] fatal: not a git repository (or any parent up to mount point /)
Stopping at filesystem boundary (GIT_DISCOVERY_ACROSS_FILESYSTEM not set).
2024-07-12 18:11:31.331 [info] > git rev-parse --show-toplevel [3ms]
2024-07-12 18:11:31.331 [info] fatal: not a git repository (or any parent up to mount point /)
Stopping at filesystem boundary (GIT_DISCOVERY_ACROSS_FILESYSTEM not set).
2024-07-12 18:11:31.331 [info] > git rev-parse --show-toplevel [3ms]
2024-07-12 18:11:31.331 [info] fatal: not a git repository (or any parent up to mount point /)
Stopping at filesystem boundary (GIT_DISCOVERY_ACROSS_FILESYSTEM not set).
2024-07-12 18:11:31.331 [info] > git rev-parse --show-toplevel [1ms]
2024-07-12 18:11:31.331 [info] fatal: not a git repository (or any parent up to mount point /)
Stopping at filesystem boundary (GIT_DISCOVERY_ACROSS_FILESYSTEM not set).
2024-07-12 18:11:31.331 [info] > git rev-parse --show-toplevel [27ms]
2024-07-12 18:11:31.341 [info] > git rev-parse --git-dir --git-common-dir [11ms]
2024-07-12 18:11:31.357 [info] Open repository: /home/nignanfatao12345/tesbot_md
2024-07-12 18:11:31.378 [info] > git config --get commit.template [10ms]
2024-07-12 18:11:31.495 [info] > git for-each-ref --format=%(refname)%00%(upstream:short)%00%(objectname)%00%(upstream:track)%00%(upstream:remotename)%00%(upstream:remoteref) refs/heads/main refs/remotes/main [120ms]
2024-07-12 18:11:31.509 [warning] ENOENT: no such file or directory, open '/home/nignanfatao12345/tesbot_md/.git/refs/remotes/origin/main'
2024-07-12 18:11:31.518 [info] > git rev-parse refs/remotes/origin/main [8ms]
2024-07-12 18:11:31.590 [info] > git status -z -uall [54ms]
2024-07-12 18:11:31.621 [info] > git merge-base refs/heads/main refs/remotes/origin/main [22ms]
2024-07-12 18:11:31.632 [info] > git config --get commit.template [11ms]
2024-07-12 18:11:31.640 [info] > git rev-list --count --left-right refs/heads/main...refs/remotes/origin/main [11ms]
2024-07-12 18:11:31.649 [info] > git for-each-ref --format=%(refname)%00%(upstream:short)%00%(objectname)%00%(upstream:track)%00%(upstream:remotename)%00%(upstream:remoteref) refs/heads/main refs/remotes/main [11ms]
2024-07-12 18:11:31.655 [warning] ENOENT: no such file or directory, open '/home/nignanfatao12345/tesbot_md/.git/refs/remotes/origin/main'
2024-07-12 18:11:31.656 [info] > git diff --name-status -z --diff-filter=ADMR 37c26d735767eb790bfadd7d6b71a6aca710c6e1...refs/remotes/origin/main [9ms]
2024-07-12 18:11:31.658 [info] > git rev-parse refs/remotes/origin/main [3ms]
2024-07-12 18:11:31.668 [info] > git status -z -uall [3ms]
2024-07-12 18:11:39.053 [info] > git rev-parse --show-toplevel [2ms]
2024-07-12 18:11:39.053 [info] fatal: not a git repository (or any parent up to mount point /)
Stopping at filesystem boundary (GIT_DISCOVERY_ACROSS_FILESYSTEM not set).
2024-07-12 18:11:39.525 [info] > git check-ignore -v -z --stdin [5ms]
2024-07-12 18:11:40.912 [info] > git rev-parse --show-toplevel [2ms]
2024-07-12 18:11:40.912 [info] fatal: not a git repository (or any parent up to mount point /)
Stopping at filesystem boundary (GIT_DISCOVERY_ACROSS_FILESYSTEM not set).
2024-07-12 18:12:35.372 [info] > git merge-base refs/heads/main refs/remotes/origin/main [4ms]
2024-07-12 18:12:35.389 [info] > git rev-list --count --left-right refs/heads/main...refs/remotes/origin/main [3ms]
2024-07-12 18:12:36.887 [info] > git rev-parse --show-toplevel [1ms]
2024-07-12 18:12:36.887 [info] fatal: not a git repository (or any parent up to mount point /)
Stopping at filesystem boundary (GIT_DISCOVERY_ACROSS_FILESYSTEM not set).
2024-07-12 18:12:44.720 [info] > git rev-parse --show-toplevel [3ms]
2024-07-12 18:12:44.720 [info] fatal: not a git repository (or any parent up to mount point /)
Stopping at filesystem boundary (GIT_DISCOVERY_ACROSS_FILESYSTEM not set).
