0 verbose cli /usr/bin/node /usr/bin/npm
1 info using npm@9.2.0
2 info using node@v18.19.1
3 timing npm:load:whichnode Completed in 1ms
4 timing config:load:defaults Completed in 3ms
5 timing config:load:file:/usr/share/nodejs/npm/npmrc Completed in 5ms
6 timing config:load:builtin Completed in 6ms
7 timing config:load:cli Completed in 6ms
8 timing config:load:env Completed in 1ms
9 timing config:load:file:/home/nignanfatao12345/.cache/typescript/5.4/.npmrc Completed in 0ms
10 timing config:load:project Completed in 10ms
11 timing config:load:file:/home/nignanfatao12345/.npmrc Completed in 1ms
12 timing config:load:user Completed in 1ms
13 timing config:load:file:/etc/npmrc Completed in 0ms
14 timing config:load:global Completed in 0ms
15 timing config:load:setEnvs Completed in 3ms
16 timing config:load Completed in 31ms
17 timing npm:load:configload Completed in 31ms
18 timing npm:load:mkdirpcache Completed in 3ms
19 timing npm:load:mkdirplogs Completed in 0ms
20 verbose title npm install @types/whatwg-url@ts5.4
21 verbose argv "install" "--ignore-scripts" "@types/whatwg-url@ts5.4" "--save-dev" "--user-agent" "typesInstaller/5.4.5"
22 timing npm:load:setTitle Completed in 4ms
23 timing config:load:flatten Completed in 8ms
24 timing npm:load:display Completed in 10ms
25 verbose logfile logs-max:10 dir:/home/nignanfatao12345/.npm/_logs/2024-11-02T17_10_08_050Z-
26 verbose logfile /home/nignanfatao12345/.npm/_logs/2024-11-02T17_10_08_050Z-debug-0.log
27 timing npm:load:logFile Completed in 12ms
28 timing npm:load:timers Completed in 0ms
29 timing npm:load:configScope Completed in 0ms
30 timing npm:load Completed in 62ms
31 silly logfile start cleaning logs, removing 1 files
32 timing config:load:flatten Completed in 1ms
33 timing arborist:ctor Completed in 1ms
34 silly logfile done cleaning log files
35 timing idealTree:init Completed in 108ms
36 timing arborist:ctor Completed in 0ms
37 http fetch GET 200 https://registry.npmjs.org/@types%2fwhatwg-url 240ms (cache miss)
38 timing idealTree:userRequests Completed in 254ms
39 silly idealTree buildDeps
40 silly fetch manifest @types/whatwg-url@11.0.5
41 silly placeDep ROOT @types/whatwg-url@11.0.5 OK for:  want: 11.0.5
42 silly fetch manifest @types/webidl-conversions@*
43 http fetch GET 200 https://registry.npmjs.org/@types%2fwebidl-conversions 51ms (cache miss)
44 timing idealTree:#root Completed in 62ms
45 silly placeDep ROOT @types/webidl-conversions@7.0.3 OK for: @types/whatwg-url@11.0.5 want: *
46 timing idealTree:node_modules/@types/whatwg-url Completed in 5ms
47 timing idealTree:node_modules/@types/webidl-conversions Completed in 0ms
48 timing idealTree:buildDeps Completed in 70ms
49 timing idealTree:fixDepFlags Completed in 1ms
50 timing idealTree Completed in 438ms
51 timing reify:loadTrees Completed in 442ms
52 timing reify:diffTrees Completed in 4ms
53 silly reify moves {}
54 timing reify:retireShallow Completed in 2ms
55 timing reify:createSparse Completed in 2ms
56 timing reify:loadBundles Completed in 0ms
57 silly audit bulk request {
57 silly audit   '@types/bittorrent-protocol': [ '3.1.6' ],
57 silly audit   '@types/body-parser': [ '1.19.5' ],
57 silly audit   '@types/connect': [ '3.4.38' ],
57 silly audit   '@types/crypto-js': [ '4.2.2' ],
57 silly audit   '@types/express': [ '5.0.0' ],
57 silly audit   '@types/express-serve-static-core': [ '5.0.1' ],
57 silly audit   '@types/ffmpeg': [ '1.0.7' ],
57 silly audit   '@types/fluent-ffmpeg': [ '2.1.27' ],
57 silly audit   '@types/fs-extra': [ '11.0.4' ],
57 silly audit   '@types/http-errors': [ '2.0.4' ],
57 silly audit   '@types/jsonfile': [ '6.1.4' ],
57 silly audit   '@types/lodash': [ '4.17.13' ],
57 silly audit   '@types/magnet-uri': [ '5.1.5' ],
57 silly audit   '@types/mime': [ '1.3.5' ],
57 silly audit   '@types/mime-types': [ '2.1.4' ],
57 silly audit   '@types/node': [ '22.8.6' ],
57 silly audit   '@types/node-fetch': [ '2.6.11' ],
57 silly audit   '@types/parse-torrent': [ '5.8.7' ],
57 silly audit   '@types/parse-torrent-file': [ '4.0.6' ],
57 silly audit   '@types/qr-image': [ '3.2.9' ],
57 silly audit   '@types/qrcode': [ '1.5.5' ],
57 silly audit   '@types/qrcode-terminal': [ '0.12.2' ],
57 silly audit   '@types/qs': [ '6.9.16' ],
57 silly audit   '@types/range-parser': [ '1.2.7' ],
57 silly audit   '@types/send': [ '0.17.4' ],
57 silly audit   '@types/serve-static': [ '1.15.7' ],
57 silly audit   '@types/simple-peer': [ '9.11.8' ],
57 silly audit   '@types/turndown': [ '5.0.5' ],
57 silly audit   '@types/unzipper': [ '0.10.10' ],
57 silly audit   '@types/webtorrent': [ '0.110.0' ],
57 silly audit   asynckit: [ '0.4.0' ],
57 silly audit   'combined-stream': [ '1.0.8' ],
57 silly audit   'delayed-stream': [ '1.0.0' ],
57 silly audit   'form-data': [ '4.0.1' ],
57 silly audit   'mime-db': [ '1.52.0' ],
57 silly audit   'mime-types': [ '2.1.35' ],
57 silly audit   'types-registry': [ '0.1.692' ],
57 silly audit   'undici-types': [ '6.19.8' ],
57 silly audit   '@types/whatwg-url': [ '11.0.5' ],
57 silly audit   '@types/webidl-conversions': [ '7.0.3' ]
57 silly audit }
58 silly tarball no local data for @types/webidl-conversions@https://registry.npmjs.org/@types/webidl-conversions/-/webidl-conversions-7.0.3.tgz. Extracting by manifest.
59 silly tarball no local data for @types/whatwg-url@https://registry.npmjs.org/@types/whatwg-url/-/whatwg-url-11.0.5.tgz. Extracting by manifest.
60 http fetch GET 200 https://registry.npmjs.org/@types/webidl-conversions/-/webidl-conversions-7.0.3.tgz 134ms (cache miss)
61 timing reifyNode:node_modules/@types/webidl-conversions Completed in 149ms
62 http fetch GET 200 https://registry.npmjs.org/@types/whatwg-url/-/whatwg-url-11.0.5.tgz 136ms (cache miss)
63 timing reifyNode:node_modules/@types/whatwg-url Completed in 155ms
64 timing reify:unpack Completed in 156ms
65 timing reify:unretire Completed in 0ms
66 timing build:queue Completed in 2ms
67 timing build:deps Completed in 2ms
68 timing build Completed in 4ms
69 timing reify:build Completed in 4ms
70 timing reify:trash Completed in 0ms
71 http fetch POST 200 https://registry.npmjs.org/-/npm/v1/security/advisories/bulk 201ms
72 timing auditReport:getReport Completed in 211ms
73 silly audit report {}
74 timing auditReport:init Completed in 0ms
75 timing reify:audit Completed in 214ms
76 timing reify:save Completed in 40ms
77 timing reify Completed in 688ms
78 silly ADD node_modules/@types/webidl-conversions
79 silly ADD node_modules/@types/whatwg-url
80 timing command:install Completed in 704ms
81 verbose exit 0
82 timing npm Completed in 799ms
83 info ok
