0 verbose cli /usr/bin/node /usr/bin/npm
1 info using npm@9.2.0
2 info using node@v18.19.1
3 timing npm:load:whichnode Completed in 0ms
4 timing config:load:defaults Completed in 5ms
5 timing config:load:file:/usr/share/nodejs/npm/npmrc Completed in 29ms
6 timing config:load:builtin Completed in 30ms
7 timing config:load:cli Completed in 11ms
8 timing config:load:env Completed in 1ms
9 timing config:load:file:/home/nignanfatao12345/.cache/typescript/5.4/.npmrc Completed in 1ms
10 timing config:load:project Completed in 27ms
11 timing config:load:file:/home/nignanfatao12345/.npmrc Completed in 1ms
12 timing config:load:user Completed in 2ms
13 timing config:load:file:/etc/npmrc Completed in 0ms
14 timing config:load:global Completed in 1ms
15 timing config:load:setEnvs Completed in 3ms
16 timing config:load Completed in 84ms
17 timing npm:load:configload Completed in 84ms
18 timing npm:load:mkdirpcache Completed in 2ms
19 timing npm:load:mkdirplogs Completed in 1ms
20 verbose title npm install @types/crypto-js@ts5.4 @types/express@ts5.4 @types/ffmpeg@ts5.4 @types/fluent-ffmpeg@ts5.4 @types/fs-extra@ts5.4 @types/lodash@ts5.4 @types/mime-types@ts5.4 @types/node-fetch@ts5.4 @types/qr-image@ts5.4 @types/qrcode@ts5.4 @types/qrcode-terminal@ts5.4 @types/qs@ts5.4 @types/turndown@ts5.4 @types/unzipper@ts5.4 @types/webtorrent@ts5.4 @types/node@ts5.4
21 verbose argv "install" "--ignore-scripts" "@types/crypto-js@ts5.4" "@types/express@ts5.4" "@types/ffmpeg@ts5.4" "@types/fluent-ffmpeg@ts5.4" "@types/fs-extra@ts5.4" "@types/lodash@ts5.4" "@types/mime-types@ts5.4" "@types/node-fetch@ts5.4" "@types/qr-image@ts5.4" "@types/qrcode@ts5.4" "@types/qrcode-terminal@ts5.4" "@types/qs@ts5.4" "@types/turndown@ts5.4" "@types/unzipper@ts5.4" "@types/webtorrent@ts5.4" "@types/node@ts5.4" "--save-dev" "--user-agent" "typesInstaller/5.4.5"
22 timing npm:load:setTitle Completed in 9ms
23 timing config:load:flatten Completed in 9ms
24 timing npm:load:display Completed in 12ms
25 verbose logfile logs-max:10 dir:/home/nignanfatao12345/.npm/_logs/2024-11-02T17_09_55_328Z-
26 verbose logfile /home/nignanfatao12345/.npm/_logs/2024-11-02T17_09_55_328Z-debug-0.log
27 timing npm:load:logFile Completed in 27ms
28 timing npm:load:timers Completed in 0ms
29 timing npm:load:configScope Completed in 0ms
30 timing npm:load Completed in 143ms
31 timing config:load:flatten Completed in 1ms
32 timing arborist:ctor Completed in 7ms
33 silly logfile start cleaning logs, removing 1 files
34 silly logfile done cleaning log files
35 timing idealTree:init Completed in 70ms
36 timing arborist:ctor Completed in 0ms
37 http fetch GET 200 https://registry.npmjs.org/@types%2fffmpeg 1094ms (cache miss)
38 http fetch GET 200 https://registry.npmjs.org/@types%2fqrcode-terminal 1119ms (cache miss)
39 http fetch GET 200 https://registry.npmjs.org/@types%2fcrypto-js 1176ms (cache miss)
40 http fetch GET 200 https://registry.npmjs.org/@types%2fnode 1186ms (cache revalidated)
41 http fetch GET 200 https://registry.npmjs.org/@types%2fqs 1239ms (cache miss)
42 http fetch GET 200 https://registry.npmjs.org/@types%2fexpress 1267ms (cache miss)
43 http fetch GET 200 https://registry.npmjs.org/@types%2funzipper 1263ms (cache miss)
44 http fetch GET 200 https://registry.npmjs.org/@types%2ffs-extra 1291ms (cache miss)
45 http fetch GET 200 https://registry.npmjs.org/@types%2fnode-fetch 1297ms (cache miss)
46 http fetch GET 200 https://registry.npmjs.org/@types%2flodash 1325ms (cache miss)
47 http fetch GET 200 https://registry.npmjs.org/@types%2fmime-types 1406ms (cache miss)
48 http fetch GET 200 https://registry.npmjs.org/@types%2fqrcode 1408ms (cache miss)
49 http fetch GET 200 https://registry.npmjs.org/@types%2ffluent-ffmpeg 1659ms (cache miss)
50 http fetch GET 200 https://registry.npmjs.org/@types%2fqr-image 1911ms (cache miss)
51 http fetch GET 200 https://registry.npmjs.org/@types%2fturndown 2045ms (cache miss)
52 http fetch GET 200 https://registry.npmjs.org/@types%2fwebtorrent 2041ms (cache miss)
53 timing idealTree:userRequests Completed in 2085ms
54 silly idealTree buildDeps
55 silly fetch manifest @types/ffmpeg@1.0.7
56 silly fetch manifest @types/qrcode-terminal@0.12.2
57 silly fetch manifest @types/crypto-js@4.2.2
58 silly fetch manifest @types/node@22.8.6
59 silly fetch manifest @types/qs@6.9.16
60 silly fetch manifest @types/express@5.0.0
61 silly fetch manifest @types/unzipper@0.10.10
62 silly fetch manifest @types/fs-extra@11.0.4
63 silly fetch manifest @types/node-fetch@2.6.11
64 silly fetch manifest @types/lodash@4.17.13
65 silly fetch manifest @types/mime-types@2.1.4
66 silly fetch manifest @types/qrcode@1.5.5
67 silly fetch manifest @types/fluent-ffmpeg@2.1.27
68 silly fetch manifest @types/qr-image@3.2.9
69 silly fetch manifest @types/turndown@5.0.5
70 silly fetch manifest @types/webtorrent@0.110.0
71 silly placeDep ROOT @types/crypto-js@4.2.2 OK for:  want: 4.2.2
72 silly placeDep ROOT @types/express@5.0.0 OK for:  want: 5.0.0
73 silly placeDep ROOT @types/ffmpeg@1.0.7 OK for:  want: 1.0.7
74 silly placeDep ROOT @types/fluent-ffmpeg@2.1.27 OK for:  want: 2.1.27
75 silly placeDep ROOT @types/fs-extra@11.0.4 OK for:  want: 11.0.4
76 silly placeDep ROOT @types/lodash@4.17.13 OK for:  want: 4.17.13
77 silly placeDep ROOT @types/mime-types@2.1.4 OK for:  want: 2.1.4
78 silly placeDep ROOT @types/node@22.8.6 OK for:  want: 22.8.6
79 silly placeDep ROOT @types/node-fetch@2.6.11 OK for:  want: 2.6.11
80 silly placeDep ROOT @types/qr-image@3.2.9 OK for:  want: 3.2.9
81 silly placeDep ROOT @types/qrcode@1.5.5 OK for:  want: 1.5.5
82 silly placeDep ROOT @types/qrcode-terminal@0.12.2 OK for:  want: 0.12.2
83 silly placeDep ROOT @types/qs@6.9.16 OK for:  want: 6.9.16
84 silly placeDep ROOT @types/turndown@5.0.5 OK for:  want: 5.0.5
85 silly placeDep ROOT @types/unzipper@0.10.10 OK for:  want: 0.10.10
86 silly placeDep ROOT @types/webtorrent@0.110.0 OK for:  want: 0.110.0
87 silly fetch manifest @types/body-parser@*
88 silly fetch manifest @types/serve-static@*
89 silly fetch manifest @types/express-serve-static-core@^5.0.0
90 silly fetch manifest @types/jsonfile@*
91 silly fetch manifest undici-types@~6.19.8
92 silly fetch manifest form-data@^4.0.0
93 silly fetch manifest @types/simple-peer@*
94 silly fetch manifest @types/parse-torrent@*
95 silly fetch manifest @types/bittorrent-protocol@*
96 http fetch GET 200 https://registry.npmjs.org/undici-types 177ms (cache revalidated)
97 http fetch GET 200 https://registry.npmjs.org/form-data 189ms (cache revalidated)
98 http fetch GET 200 https://registry.npmjs.org/@types%2fbody-parser 232ms (cache miss)
99 http fetch GET 200 https://registry.npmjs.org/@types%2fjsonfile 235ms (cache miss)
100 http fetch GET 200 https://registry.npmjs.org/@types%2fserve-static 241ms (cache miss)
101 http fetch GET 200 https://registry.npmjs.org/@types%2fexpress-serve-static-core 255ms (cache miss)
102 http fetch GET 200 https://registry.npmjs.org/@types%2fparse-torrent 1037ms (cache miss)
103 http fetch GET 200 https://registry.npmjs.org/@types%2fbittorrent-protocol 1059ms (cache miss)
104 http fetch GET 200 https://registry.npmjs.org/@types%2fsimple-peer 1072ms (cache miss)
105 timing idealTree:#root Completed in 1210ms
106 timing idealTree:node_modules/@types/crypto-js Completed in 0ms
107 silly placeDep ROOT @types/body-parser@1.19.5 OK for: @types/express@5.0.0 want: *
108 silly placeDep ROOT @types/express-serve-static-core@5.0.1 OK for: @types/express@5.0.0 want: ^5.0.0
109 silly placeDep ROOT @types/serve-static@1.15.7 OK for: @types/express@5.0.0 want: *
110 silly fetch manifest @types/connect@*
111 silly fetch manifest @types/send@*
112 silly fetch manifest @types/range-parser@*
113 silly fetch manifest @types/http-errors@*
114 http fetch GET 200 https://registry.npmjs.org/@types%2frange-parser 102ms (cache miss)
115 http fetch GET 200 https://registry.npmjs.org/@types%2fsend 110ms (cache miss)
116 http fetch GET 200 https://registry.npmjs.org/@types%2fconnect 115ms (cache miss)
117 http fetch GET 200 https://registry.npmjs.org/@types%2fhttp-errors 109ms (cache revalidated)
118 timing idealTree:node_modules/@types/express Completed in 137ms
119 silly placeDep ROOT @types/connect@3.4.38 OK for: @types/body-parser@1.19.5 want: *
120 timing idealTree:node_modules/@types/body-parser Completed in 3ms
121 timing idealTree:node_modules/@types/connect Completed in 0ms
122 silly placeDep ROOT @types/range-parser@1.2.7 OK for: @types/express-serve-static-core@5.0.1 want: *
123 silly placeDep ROOT @types/send@0.17.4 OK for: @types/express-serve-static-core@5.0.1 want: *
124 silly fetch manifest @types/mime@^1
125 http fetch GET 200 https://registry.npmjs.org/@types%2fmime 59ms (cache miss)
126 timing idealTree:node_modules/@types/express-serve-static-core Completed in 71ms
127 timing idealTree:node_modules/@types/ffmpeg Completed in 1ms
128 timing idealTree:node_modules/@types/fluent-ffmpeg Completed in 0ms
129 silly placeDep ROOT @types/jsonfile@6.1.4 OK for: @types/fs-extra@11.0.4 want: *
130 timing idealTree:node_modules/@types/fs-extra Completed in 4ms
131 timing idealTree:node_modules/@types/jsonfile Completed in 0ms
132 timing idealTree:node_modules/@types/lodash Completed in 0ms
133 timing idealTree:node_modules/@types/mime-types Completed in 0ms
134 silly placeDep ROOT undici-types@6.19.8 OK for: @types/node@22.8.6 want: ~6.19.8
135 timing idealTree:node_modules/@types/node Completed in 3ms
136 silly placeDep ROOT form-data@4.0.1 OK for: @types/node-fetch@2.6.11 want: ^4.0.0
137 silly fetch manifest asynckit@^0.4.0
138 silly fetch manifest combined-stream@^1.0.8
139 silly fetch manifest mime-types@^2.1.12
140 http fetch GET 200 https://registry.npmjs.org/asynckit 62ms (cache revalidated)
141 http fetch GET 200 https://registry.npmjs.org/mime-types 61ms (cache revalidated)
142 http fetch GET 200 https://registry.npmjs.org/combined-stream 66ms (cache revalidated)
143 timing idealTree:node_modules/@types/node-fetch Completed in 71ms
144 timing idealTree:node_modules/@types/qr-image Completed in 0ms
145 timing idealTree:node_modules/@types/qrcode Completed in 0ms
146 timing idealTree:node_modules/@types/qrcode-terminal Completed in 1ms
147 timing idealTree:node_modules/@types/qs Completed in 0ms
148 timing idealTree:node_modules/@types/range-parser Completed in 0ms
149 silly placeDep ROOT @types/mime@1.3.5 OK for: @types/send@0.17.4 want: ^1
150 timing idealTree:node_modules/@types/send Completed in 3ms
151 timing idealTree:node_modules/@types/mime Completed in 1ms
152 silly placeDep ROOT @types/http-errors@2.0.4 OK for: @types/serve-static@1.15.7 want: *
153 timing idealTree:node_modules/@types/serve-static Completed in 3ms
154 timing idealTree:node_modules/@types/http-errors Completed in 0ms
155 timing idealTree:node_modules/@types/turndown Completed in 0ms
156 timing idealTree:node_modules/@types/unzipper Completed in 0ms
157 silly placeDep ROOT @types/bittorrent-protocol@3.1.6 OK for: @types/webtorrent@0.110.0 want: *
158 silly placeDep ROOT @types/parse-torrent@5.8.7 OK for: @types/webtorrent@0.110.0 want: *
159 silly placeDep ROOT @types/simple-peer@9.11.8 OK for: @types/webtorrent@0.110.0 want: *
160 silly fetch manifest @types/magnet-uri@*
161 silly fetch manifest @types/parse-torrent-file@*
162 http fetch GET 200 https://registry.npmjs.org/@types%2fparse-torrent-file 1005ms (cache miss)
163 http fetch GET 200 https://registry.npmjs.org/@types%2fmagnet-uri 1015ms (cache miss)
164 timing idealTree:node_modules/@types/webtorrent Completed in 1025ms
165 timing idealTree:node_modules/@types/bittorrent-protocol Completed in 0ms
166 silly placeDep ROOT @types/magnet-uri@5.1.5 OK for: @types/parse-torrent@5.8.7 want: *
167 silly placeDep ROOT @types/parse-torrent-file@4.0.6 OK for: @types/parse-torrent@5.8.7 want: *
168 timing idealTree:node_modules/@types/parse-torrent Completed in 9ms
169 timing idealTree:node_modules/@types/magnet-uri Completed in 0ms
170 timing idealTree:node_modules/@types/parse-torrent-file Completed in 0ms
171 timing idealTree:node_modules/@types/simple-peer Completed in 0ms
172 silly placeDep ROOT asynckit@0.4.0 OK for: form-data@4.0.1 want: ^0.4.0
173 silly placeDep ROOT combined-stream@1.0.8 OK for: form-data@4.0.1 want: ^1.0.8
174 silly placeDep ROOT mime-types@2.1.35 OK for: form-data@4.0.1 want: ^2.1.12
175 silly fetch manifest delayed-stream@~1.0.0
176 silly fetch manifest mime-db@1.52.0
177 http fetch GET 200 https://registry.npmjs.org/delayed-stream 115ms (cache revalidated)
178 http fetch GET 200 https://registry.npmjs.org/mime-db 118ms (cache revalidated)
179 timing idealTree:node_modules/form-data Completed in 134ms
180 timing idealTree:node_modules/asynckit Completed in 0ms
181 silly placeDep ROOT delayed-stream@1.0.0 OK for: combined-stream@1.0.8 want: ~1.0.0
182 timing idealTree:node_modules/combined-stream Completed in 3ms
183 timing idealTree:node_modules/delayed-stream Completed in 0ms
184 silly placeDep ROOT mime-db@1.52.0 OK for: mime-types@2.1.35 want: 1.52.0
185 timing idealTree:node_modules/mime-types Completed in 3ms
186 timing idealTree:node_modules/mime-db Completed in 0ms
187 timing idealTree:node_modules/undici-types Completed in 0ms
188 timing idealTree:buildDeps Completed in 2692ms
189 timing idealTree:fixDepFlags Completed in 2ms
190 timing idealTree Completed in 4854ms
191 timing reify:loadTrees Completed in 4858ms
192 timing reify:diffTrees Completed in 3ms
193 silly reify moves {}
194 timing reify:retireShallow Completed in 2ms
195 timing reify:createSparse Completed in 10ms
196 timing reify:loadBundles Completed in 0ms
197 silly audit bulk request {
197 silly audit   'types-registry': [ '0.1.692' ],
197 silly audit   '@types/crypto-js': [ '4.2.2' ],
197 silly audit   '@types/express': [ '5.0.0' ],
197 silly audit   '@types/ffmpeg': [ '1.0.7' ],
197 silly audit   '@types/fluent-ffmpeg': [ '2.1.27' ],
197 silly audit   '@types/fs-extra': [ '11.0.4' ],
197 silly audit   '@types/lodash': [ '4.17.13' ],
197 silly audit   '@types/mime-types': [ '2.1.4' ],
197 silly audit   '@types/node': [ '22.8.6' ],
197 silly audit   '@types/node-fetch': [ '2.6.11' ],
197 silly audit   '@types/qr-image': [ '3.2.9' ],
197 silly audit   '@types/qrcode': [ '1.5.5' ],
197 silly audit   '@types/qrcode-terminal': [ '0.12.2' ],
197 silly audit   '@types/qs': [ '6.9.16' ],
197 silly audit   '@types/turndown': [ '5.0.5' ],
197 silly audit   '@types/unzipper': [ '0.10.10' ],
197 silly audit   '@types/webtorrent': [ '0.110.0' ],
197 silly audit   '@types/body-parser': [ '1.19.5' ],
197 silly audit   '@types/express-serve-static-core': [ '5.0.1' ],
197 silly audit   '@types/serve-static': [ '1.15.7' ],
197 silly audit   '@types/connect': [ '3.4.38' ],
197 silly audit   '@types/range-parser': [ '1.2.7' ],
197 silly audit   '@types/send': [ '0.17.4' ],
197 silly audit   '@types/jsonfile': [ '6.1.4' ],
197 silly audit   'undici-types': [ '6.19.8' ],
197 silly audit   'form-data': [ '4.0.1' ],
197 silly audit   '@types/mime': [ '1.3.5' ],
197 silly audit   '@types/http-errors': [ '2.0.4' ],
197 silly audit   '@types/bittorrent-protocol': [ '3.1.6' ],
197 silly audit   '@types/parse-torrent': [ '5.8.7' ],
197 silly audit   '@types/simple-peer': [ '9.11.8' ],
197 silly audit   '@types/magnet-uri': [ '5.1.5' ],
197 silly audit   '@types/parse-torrent-file': [ '4.0.6' ],
197 silly audit   asynckit: [ '0.4.0' ],
197 silly audit   'combined-stream': [ '1.0.8' ],
197 silly audit   'mime-types': [ '2.1.35' ],
197 silly audit   'delayed-stream': [ '1.0.0' ],
197 silly audit   'mime-db': [ '1.52.0' ]
197 silly audit }
198 silly tarball no local data for @types/parse-torrent-file@https://registry.npmjs.org/@types/parse-torrent-file/-/parse-torrent-file-4.0.6.tgz. Extracting by manifest.
199 silly tarball no local data for @types/magnet-uri@https://registry.npmjs.org/@types/magnet-uri/-/magnet-uri-5.1.5.tgz. Extracting by manifest.
200 silly tarball no local data for @types/simple-peer@https://registry.npmjs.org/@types/simple-peer/-/simple-peer-9.11.8.tgz. Extracting by manifest.
201 silly tarball no local data for @types/parse-torrent@https://registry.npmjs.org/@types/parse-torrent/-/parse-torrent-5.8.7.tgz. Extracting by manifest.
202 silly tarball no local data for @types/bittorrent-protocol@https://registry.npmjs.org/@types/bittorrent-protocol/-/bittorrent-protocol-3.1.6.tgz. Extracting by manifest.
203 silly tarball no local data for @types/http-errors@https://registry.npmjs.org/@types/http-errors/-/http-errors-2.0.4.tgz. Extracting by manifest.
204 silly tarball no local data for @types/mime@https://registry.npmjs.org/@types/mime/-/mime-1.3.5.tgz. Extracting by manifest.
205 silly tarball no local data for @types/jsonfile@https://registry.npmjs.org/@types/jsonfile/-/jsonfile-6.1.4.tgz. Extracting by manifest.
206 silly tarball no local data for @types/send@https://registry.npmjs.org/@types/send/-/send-0.17.4.tgz. Extracting by manifest.
207 silly tarball no local data for @types/range-parser@https://registry.npmjs.org/@types/range-parser/-/range-parser-1.2.7.tgz. Extracting by manifest.
208 silly tarball no local data for @types/connect@https://registry.npmjs.org/@types/connect/-/connect-3.4.38.tgz. Extracting by manifest.
209 silly tarball no local data for @types/serve-static@https://registry.npmjs.org/@types/serve-static/-/serve-static-1.15.7.tgz. Extracting by manifest.
210 silly tarball no local data for @types/express-serve-static-core@https://registry.npmjs.org/@types/express-serve-static-core/-/express-serve-static-core-5.0.1.tgz. Extracting by manifest.
211 silly tarball no local data for @types/body-parser@https://registry.npmjs.org/@types/body-parser/-/body-parser-1.19.5.tgz. Extracting by manifest.
212 silly tarball no local data for @types/webtorrent@https://registry.npmjs.org/@types/webtorrent/-/webtorrent-0.110.0.tgz. Extracting by manifest.
213 silly tarball no local data for @types/unzipper@https://registry.npmjs.org/@types/unzipper/-/unzipper-0.10.10.tgz. Extracting by manifest.
214 silly tarball no local data for @types/turndown@https://registry.npmjs.org/@types/turndown/-/turndown-5.0.5.tgz. Extracting by manifest.
215 silly tarball no local data for @types/qs@https://registry.npmjs.org/@types/qs/-/qs-6.9.16.tgz. Extracting by manifest.
216 silly tarball no local data for @types/qrcode-terminal@https://registry.npmjs.org/@types/qrcode-terminal/-/qrcode-terminal-0.12.2.tgz. Extracting by manifest.
217 silly tarball no local data for @types/qrcode@https://registry.npmjs.org/@types/qrcode/-/qrcode-1.5.5.tgz. Extracting by manifest.
218 silly tarball no local data for @types/qr-image@https://registry.npmjs.org/@types/qr-image/-/qr-image-3.2.9.tgz. Extracting by manifest.
219 silly tarball no local data for @types/node-fetch@https://registry.npmjs.org/@types/node-fetch/-/node-fetch-2.6.11.tgz. Extracting by manifest.
220 silly tarball no local data for @types/mime-types@https://registry.npmjs.org/@types/mime-types/-/mime-types-2.1.4.tgz. Extracting by manifest.
221 silly tarball no local data for @types/lodash@https://registry.npmjs.org/@types/lodash/-/lodash-4.17.13.tgz. Extracting by manifest.
222 silly tarball no local data for @types/fs-extra@https://registry.npmjs.org/@types/fs-extra/-/fs-extra-11.0.4.tgz. Extracting by manifest.
223 silly tarball no local data for @types/fluent-ffmpeg@https://registry.npmjs.org/@types/fluent-ffmpeg/-/fluent-ffmpeg-2.1.27.tgz. Extracting by manifest.
224 silly tarball no local data for @types/express@https://registry.npmjs.org/@types/express/-/express-5.0.0.tgz. Extracting by manifest.
225 silly tarball no local data for @types/ffmpeg@https://registry.npmjs.org/@types/ffmpeg/-/ffmpeg-1.0.7.tgz. Extracting by manifest.
226 silly tarball no local data for @types/crypto-js@https://registry.npmjs.org/@types/crypto-js/-/crypto-js-4.2.2.tgz. Extracting by manifest.
227 http fetch POST 200 https://registry.npmjs.org/-/npm/v1/security/advisories/bulk 482ms
228 timing auditReport:getReport Completed in 492ms
229 silly audit report {}
230 timing auditReport:init Completed in 0ms
231 timing reify:audit Completed in 495ms
232 timing reifyNode:node_modules/combined-stream Completed in 643ms
233 timing reifyNode:node_modules/delayed-stream Completed in 648ms
234 timing reifyNode:node_modules/mime-types Completed in 649ms
235 http fetch GET 200 https://registry.npmjs.org/@types/bittorrent-protocol/-/bittorrent-protocol-3.1.6.tgz 600ms (cache miss)
236 timing reifyNode:node_modules/@types/bittorrent-protocol Completed in 660ms
237 http fetch GET 200 https://registry.npmjs.org/@types/connect/-/connect-3.4.38.tgz 582ms (cache miss)
238 timing reifyNode:node_modules/@types/connect Completed in 659ms
239 http fetch GET 200 https://registry.npmjs.org/@types/parse-torrent-file/-/parse-torrent-file-4.0.6.tgz 614ms (cache miss)
240 timing reifyNode:node_modules/@types/parse-torrent-file Completed in 661ms
241 http fetch GET 200 https://registry.npmjs.org/@types/magnet-uri/-/magnet-uri-5.1.5.tgz 610ms (cache miss)
242 timing reifyNode:node_modules/@types/magnet-uri Completed in 662ms
243 http fetch GET 200 https://registry.npmjs.org/@types/parse-torrent/-/parse-torrent-5.8.7.tgz 606ms (cache miss)
244 timing reifyNode:node_modules/@types/parse-torrent Completed in 664ms
245 http fetch GET 200 https://registry.npmjs.org/@types/range-parser/-/range-parser-1.2.7.tgz 589ms (cache miss)
246 timing reifyNode:node_modules/@types/range-parser Completed in 664ms
247 http fetch GET 200 https://registry.npmjs.org/@types/jsonfile/-/jsonfile-6.1.4.tgz 597ms (cache miss)
248 timing reifyNode:node_modules/@types/jsonfile Completed in 664ms
249 http fetch GET 200 https://registry.npmjs.org/@types/mime/-/mime-1.3.5.tgz 605ms (cache miss)
250 timing reifyNode:node_modules/@types/mime Completed in 669ms
251 http fetch GET 200 https://registry.npmjs.org/@types/serve-static/-/serve-static-1.15.7.tgz 591ms (cache miss)
252 timing reifyNode:node_modules/@types/serve-static Completed in 671ms
253 http fetch GET 200 https://registry.npmjs.org/@types/body-parser/-/body-parser-1.19.5.tgz 586ms (cache miss)
254 timing reifyNode:node_modules/@types/body-parser Completed in 671ms
255 http fetch GET 200 https://registry.npmjs.org/@types/http-errors/-/http-errors-2.0.4.tgz 611ms (cache miss)
256 timing reifyNode:node_modules/@types/http-errors Completed in 673ms
257 http fetch GET 200 https://registry.npmjs.org/@types/send/-/send-0.17.4.tgz 604ms (cache miss)
258 timing reifyNode:node_modules/@types/send Completed in 674ms
259 http fetch GET 200 https://registry.npmjs.org/@types/simple-peer/-/simple-peer-9.11.8.tgz 622ms (cache miss)
260 timing reifyNode:node_modules/@types/simple-peer Completed in 676ms
261 http fetch GET 200 https://registry.npmjs.org/@types/qs/-/qs-6.9.16.tgz 578ms (cache miss)
262 timing reifyNode:node_modules/@types/qs Completed in 675ms
263 http fetch GET 200 https://registry.npmjs.org/@types/mime-types/-/mime-types-2.1.4.tgz 552ms (cache miss)
264 timing reifyNode:node_modules/@types/mime-types Completed in 676ms
265 timing reifyNode:node_modules/form-data Completed in 677ms
266 http fetch GET 200 https://registry.npmjs.org/@types/node-fetch/-/node-fetch-2.6.11.tgz 561ms (cache miss)
267 timing reifyNode:node_modules/@types/node-fetch Completed in 681ms
268 http fetch GET 200 https://registry.npmjs.org/@types/qrcode/-/qrcode-1.5.5.tgz 571ms (cache miss)
269 http fetch GET 200 https://registry.npmjs.org/@types/express/-/express-5.0.0.tgz 551ms (cache miss)
270 timing reifyNode:node_modules/@types/express Completed in 687ms
271 timing reifyNode:node_modules/@types/qrcode Completed in 689ms
272 http fetch GET 200 https://registry.npmjs.org/@types/fs-extra/-/fs-extra-11.0.4.tgz 561ms (cache miss)
273 timing reifyNode:node_modules/@types/fs-extra Completed in 691ms
274 http fetch GET 200 https://registry.npmjs.org/@types/fluent-ffmpeg/-/fluent-ffmpeg-2.1.27.tgz 563ms (cache miss)
275 timing reifyNode:node_modules/@types/fluent-ffmpeg Completed in 695ms
276 timing reifyNode:node_modules/mime-db Completed in 704ms
277 http fetch GET 200 https://registry.npmjs.org/@types/express-serve-static-core/-/express-serve-static-core-5.0.1.tgz 621ms (cache miss)
278 timing reifyNode:node_modules/@types/express-serve-static-core Completed in 704ms
279 timing reifyNode:node_modules/asynckit Completed in 705ms
280 timing reifyNode:node_modules/undici-types Completed in 760ms
281 http fetch GET 200 https://registry.npmjs.org/@types/crypto-js/-/crypto-js-4.2.2.tgz 623ms (cache miss)
282 timing reifyNode:node_modules/@types/crypto-js Completed in 768ms
283 http fetch GET 200 https://registry.npmjs.org/@types/webtorrent/-/webtorrent-0.110.0.tgz 819ms (cache miss)
284 timing reifyNode:node_modules/@types/webtorrent Completed in 908ms
285 http fetch GET 200 https://registry.npmjs.org/@types/turndown/-/turndown-5.0.5.tgz 815ms (cache miss)
286 timing reifyNode:node_modules/@types/turndown Completed in 909ms
287 http fetch GET 200 https://registry.npmjs.org/@types/unzipper/-/unzipper-0.10.10.tgz 818ms (cache miss)
288 timing reifyNode:node_modules/@types/unzipper Completed in 910ms
289 http fetch GET 200 https://registry.npmjs.org/@types/qr-image/-/qr-image-3.2.9.tgz 793ms (cache miss)
290 timing reifyNode:node_modules/@types/qr-image Completed in 910ms
291 http fetch GET 200 https://registry.npmjs.org/@types/qrcode-terminal/-/qrcode-terminal-0.12.2.tgz 811ms (cache miss)
292 timing reifyNode:node_modules/@types/qrcode-terminal Completed in 912ms
293 http fetch GET 200 https://registry.npmjs.org/@types/ffmpeg/-/ffmpeg-1.0.7.tgz 827ms (cache miss)
294 timing reifyNode:node_modules/@types/ffmpeg Completed in 967ms
295 timing reifyNode:node_modules/@types/node Completed in 995ms
296 http fetch GET 200 https://registry.npmjs.org/@types/lodash/-/lodash-4.17.13.tgz 1132ms (cache miss)
297 timing reifyNode:node_modules/@types/lodash Completed in 1259ms
298 timing reify:unpack Completed in 1262ms
299 timing reify:unretire Completed in 0ms
300 timing build:queue Completed in 6ms
301 timing build:deps Completed in 6ms
302 timing build Completed in 7ms
303 timing reify:build Completed in 7ms
304 timing reify:trash Completed in 0ms
305 timing reify:save Completed in 37ms
306 timing reify Completed in 6225ms
307 silly ADD node_modules/mime-db
308 silly ADD node_modules/delayed-stream
309 silly ADD node_modules/mime-types
310 silly ADD node_modules/combined-stream
311 silly ADD node_modules/asynckit
312 silly ADD node_modules/@types/parse-torrent-file
313 silly ADD node_modules/@types/magnet-uri
314 silly ADD node_modules/@types/simple-peer
315 silly ADD node_modules/@types/parse-torrent
316 silly ADD node_modules/@types/bittorrent-protocol
317 silly ADD node_modules/@types/http-errors
318 silly ADD node_modules/@types/mime
319 silly ADD node_modules/form-data
320 silly ADD node_modules/undici-types
321 silly ADD node_modules/@types/jsonfile
322 silly ADD node_modules/@types/send
323 silly ADD node_modules/@types/range-parser
324 silly ADD node_modules/@types/connect
325 silly ADD node_modules/@types/serve-static
326 silly ADD node_modules/@types/express-serve-static-core
327 silly ADD node_modules/@types/body-parser
328 silly ADD node_modules/@types/webtorrent
329 silly ADD node_modules/@types/unzipper
330 silly ADD node_modules/@types/turndown
331 silly ADD node_modules/@types/qs
332 silly ADD node_modules/@types/qrcode-terminal
333 silly ADD node_modules/@types/qrcode
334 silly ADD node_modules/@types/qr-image
335 silly ADD node_modules/@types/node-fetch
336 silly ADD node_modules/@types/node
337 silly ADD node_modules/@types/mime-types
338 silly ADD node_modules/@types/lodash
339 silly ADD node_modules/@types/fs-extra
340 silly ADD node_modules/@types/fluent-ffmpeg
341 silly ADD node_modules/@types/ffmpeg
342 silly ADD node_modules/@types/express
343 silly ADD node_modules/@types/crypto-js
344 timing command:install Completed in 6252ms
345 verbose exit 0
346 timing npm Completed in 6452ms
347 info ok
