2024-11-02 17:08:15.572 [info] Log level: Info
2024-11-02 17:08:15.573 [info] Validating found git in: "git"
2024-11-02 17:08:15.573 [info] Using git "2.43.0" from "git"
2024-11-02 17:08:15.573 [info] > git rev-parse --show-toplevel [20ms]
2024-11-02 17:08:15.573 [info] > git rev-parse --git-dir --git-common-dir [38ms]
2024-11-02 17:08:15.573 [info] Open repository: /home/nignanfatao12345
2024-11-02 17:08:15.573 [info] > git rev-parse --show-toplevel [3ms]
2024-11-02 17:08:15.573 [info] > git config --get commit.template [13ms]
2024-11-02 17:08:15.573 [info] > git rev-parse --show-toplevel [16ms]
2024-11-02 17:08:15.573 [info] > git for-each-ref --format=%(refname)%00%(upstream:short)%00%(objectname)%00%(upstream:track)%00%(upstream:remotename)%00%(upstream:remoteref) refs/heads/master refs/remotes/master [6ms]
2024-11-02 17:08:15.573 [warning] No such branch: master.
2024-11-02 17:08:15.577 [info] > git rev-parse --show-toplevel [5ms]
2024-11-02 17:08:15.611 [info] > git rev-parse --show-toplevel [20ms]
2024-11-02 17:08:15.718 [info] > git rev-parse --show-toplevel [28ms]
2024-11-02 17:08:15.771 [info] > git rev-parse --show-toplevel [18ms]
2024-11-02 17:08:15.842 [info] > git rev-parse --show-toplevel [11ms]
2024-11-02 17:08:15.919 [info] > git rev-parse --show-toplevel [13ms]
2024-11-02 17:08:15.971 [info] > git rev-parse --show-toplevel [14ms]
2024-11-02 17:08:16.028 [info] > git rev-parse --show-toplevel [13ms]
2024-11-02 17:08:16.091 [info] > git rev-parse --show-toplevel [9ms]
2024-11-02 17:08:16.331 [info] > git check-ignore -v -z --stdin [94ms]
2024-11-02 17:08:16.376 [info] > git status -z -uall [818ms] (cancelled)
2024-11-02 17:08:16.411 [info] > git check-ignore -v -z --stdin [36ms]
2024-11-02 17:09:12.744 [info] > git check-ignore -v -z --stdin [67ms]
2024-11-02 17:09:19.802 [info] > git show --textconv :package.json [62ms]
2024-11-02 17:09:19.802 [info] > git ls-files --stage -- /home/nignanfatao12345/package.json [33ms]
2024-11-02 17:09:19.827 [info] > git cat-file -s 1268796fed83756e5dfcb424af1e468586cea053 [5ms]
2024-11-02 17:09:38.337 [info] > git config --get commit.template [117ms]
2024-11-02 17:09:38.447 [info] > git for-each-ref --format=%(refname)%00%(upstream:short)%00%(objectname)%00%(upstream:track)%00%(upstream:remotename)%00%(upstream:remoteref) refs/heads/master refs/remotes/master [7ms]
2024-11-02 17:09:38.448 [warning] No such branch: master.
2024-11-02 17:09:38.902 [info] > git status -z -uall [389ms] (cancelled)
2024-11-02 17:09:38.914 [info] > git check-ignore -v -z --stdin [15ms]
2024-11-02 17:09:46.472 [info] > git show --textconv :lib/apkdl.js [285ms]
2024-11-02 17:09:46.527 [info] > git ls-files --stage -- /home/nignanfatao12345/lib/apkdl.js [101ms]
2024-11-02 17:09:46.682 [info] > git cat-file -s 4df8217be413715e2dfc5f11868c5ada2fe931b9 [78ms]
2024-11-02 17:09:47.392 [info] > git check-ignore -v -z --stdin [18ms]
2024-11-02 17:09:49.351 [info] > git config --get commit.template [39ms]
2024-11-02 17:09:49.422 [info] > git for-each-ref --format=%(refname)%00%(upstream:short)%00%(objectname)%00%(upstream:track)%00%(upstream:remotename)%00%(upstream:remoteref) refs/heads/master refs/remotes/master [74ms]
2024-11-02 17:09:49.422 [warning] No such branch: master.
2024-11-02 17:09:50.040 [info] > git show --textconv :lib/apkdl.js [57ms]
2024-11-02 17:09:50.118 [info] > git status -z -uall [599ms] (cancelled)
2024-11-02 17:09:50.120 [info] > git ls-files --stage -- /home/nignanfatao12345/lib/apkdl.js [84ms]
2024-11-02 17:09:50.188 [info] > git check-ignore -v -z --stdin [70ms]
2024-11-02 17:09:50.198 [info] > git cat-file -s 4df8217be413715e2dfc5f11868c5ada2fe931b9 [20ms]
2024-11-02 17:09:58.315 [info] > git check-ignore -v -z --stdin [7965ms]
2024-11-02 17:10:11.893 [info] > git show --textconv :github_username.txt [43ms]
2024-11-02 17:10:11.909 [info] > git ls-files --stage -- /home/nignanfatao12345/github_username.txt [18ms]
2024-11-02 17:10:11.946 [info] > git cat-file -s 8b137891791fe96927ad78e64b0aad7bded08bdc [3ms]
