2024-07-12 18:17:54.979 [info] Log level: Info
2024-07-12 18:17:54.979 [info] Validating found git in: "git"
2024-07-12 18:17:54.979 [info] Using git "2.34.1" from "git"
2024-07-12 18:17:54.979 [info] > git rev-parse --show-toplevel [13ms]
2024-07-12 18:17:54.979 [info] fatal: not a git repository (or any parent up to mount point /)
Stopping at filesystem boundary (GIT_DISCOVERY_ACROSS_FILESYSTEM not set).
2024-07-12 18:17:54.979 [info] > git rev-parse --show-toplevel [6ms]
2024-07-12 18:17:54.979 [info] fatal: not a git repository (or any parent up to mount point /)
Stopping at filesystem boundary (GIT_DISCOVERY_ACROSS_FILESYSTEM not set).
2024-07-12 18:17:54.979 [info] > git rev-parse --show-toplevel [4ms]
2024-07-12 18:17:54.979 [info] fatal: not a git repository (or any parent up to mount point /)
Stopping at filesystem boundary (GIT_DISCOVERY_ACROSS_FILESYSTEM not set).
2024-07-12 18:17:54.979 [info] > git rev-parse --show-toplevel [3ms]
2024-07-12 18:17:54.979 [info] fatal: not a git repository (or any parent up to mount point /)
Stopping at filesystem boundary (GIT_DISCOVERY_ACROSS_FILESYSTEM not set).
2024-07-12 18:17:54.979 [info] > git rev-parse --show-toplevel [5ms]
2024-07-12 18:17:54.979 [info] fatal: not a git repository (or any parent up to mount point /)
Stopping at filesystem boundary (GIT_DISCOVERY_ACROSS_FILESYSTEM not set).
2024-07-12 18:17:54.979 [info] > git rev-parse --show-toplevel [5ms]
2024-07-12 18:17:54.979 [info] fatal: not a git repository (or any parent up to mount point /)
Stopping at filesystem boundary (GIT_DISCOVERY_ACROSS_FILESYSTEM not set).
2024-07-12 18:17:54.979 [info] > git rev-parse --show-toplevel [4ms]
2024-07-12 18:17:54.979 [info] fatal: not a git repository (or any parent up to mount point /)
Stopping at filesystem boundary (GIT_DISCOVERY_ACROSS_FILESYSTEM not set).
2024-07-12 18:17:54.979 [info] > git rev-parse --show-toplevel [3ms]
2024-07-12 18:17:54.979 [info] fatal: not a git repository (or any parent up to mount point /)
Stopping at filesystem boundary (GIT_DISCOVERY_ACROSS_FILESYSTEM not set).
2024-07-12 18:17:54.979 [info] > git rev-parse --show-toplevel [4ms]
2024-07-12 18:17:54.979 [info] fatal: not a git repository (or any parent up to mount point /)
Stopping at filesystem boundary (GIT_DISCOVERY_ACROSS_FILESYSTEM not set).
2024-07-12 18:17:54.979 [info] > git rev-parse --show-toplevel [12ms]
2024-07-12 18:17:54.979 [info] fatal: not a git repository (or any parent up to mount point /)
Stopping at filesystem boundary (GIT_DISCOVERY_ACROSS_FILESYSTEM not set).
2024-07-12 18:17:54.979 [info] > git rev-parse --show-toplevel [4ms]
2024-07-12 18:17:54.979 [info] > git rev-parse --git-dir --git-common-dir [4ms]
2024-07-12 18:17:54.979 [info] Open repository: /home/nignanfatao12345/tesbot_md
2024-07-12 18:17:54.979 [info] > git config --get commit.template [16ms]
2024-07-12 18:17:54.979 [info] > git for-each-ref --format=%(refname)%00%(upstream:short)%00%(objectname)%00%(upstream:track)%00%(upstream:remotename)%00%(upstream:remoteref) refs/heads/main refs/remotes/main [6ms]
2024-07-12 18:17:54.979 [warning] ENOENT: no such file or directory, open '/home/nignanfatao12345/tesbot_md/.git/refs/remotes/origin/main'
2024-07-12 18:17:54.979 [info] > git rev-parse refs/remotes/origin/main [4ms]
2024-07-12 18:17:54.979 [info] > git status -z -uall [7ms]
2024-07-12 18:17:54.979 [info] > git merge-base refs/heads/main refs/remotes/origin/main [32ms]
2024-07-12 18:17:54.979 [info] > git config --get commit.template [11ms]
2024-07-12 18:17:54.979 [info] > git rev-list --count --left-right refs/heads/main...refs/remotes/origin/main [11ms]
2024-07-12 18:17:54.979 [info] > git for-each-ref --format=%(refname)%00%(upstream:short)%00%(objectname)%00%(upstream:track)%00%(upstream:remotename)%00%(upstream:remoteref) refs/heads/main refs/remotes/main [11ms]
2024-07-12 18:17:54.979 [warning] ENOENT: no such file or directory, open '/home/nignanfatao12345/tesbot_md/.git/refs/remotes/origin/main'
2024-07-12 18:17:54.979 [info] > git diff --name-status -z --diff-filter=ADMR 37c26d735767eb790bfadd7d6b71a6aca710c6e1...refs/remotes/origin/main [9ms]
2024-07-12 18:17:54.979 [info] > git rev-parse refs/remotes/origin/main [3ms]
2024-07-12 18:17:54.979 [info] > git status -z -uall [3ms]
2024-07-12 18:17:55.833 [info] > git rev-parse --show-toplevel [2ms]
2024-07-12 18:17:55.834 [info] fatal: not a git repository (or any parent up to mount point /)
Stopping at filesystem boundary (GIT_DISCOVERY_ACROSS_FILESYSTEM not set).
2024-07-12 18:17:56.375 [info] > git rev-parse --show-toplevel [7ms]
2024-07-12 18:17:56.376 [info] fatal: not a git repository (or any parent up to mount point /)
Stopping at filesystem boundary (GIT_DISCOVERY_ACROSS_FILESYSTEM not set).
2024-07-12 18:18:14.964 [info] > git check-ignore -v -z --stdin [2ms]
2024-07-12 18:21:15.994 [info] > git rev-parse --show-toplevel [4ms]
2024-07-12 18:21:15.994 [info] fatal: not a git repository (or any parent up to mount point /)
Stopping at filesystem boundary (GIT_DISCOVERY_ACROSS_FILESYSTEM not set).
2024-07-12 18:21:52.437 [info] > git rev-parse --show-toplevel [5ms]
2024-07-12 18:21:52.437 [info] fatal: not a git repository (or any parent up to mount point /)
Stopping at filesystem boundary (GIT_DISCOVERY_ACROSS_FILESYSTEM not set).
2024-07-12 18:21:53.149 [info] > git rev-parse --show-toplevel [2ms]
2024-07-12 18:21:53.149 [info] fatal: not a git repository (or any parent up to mount point /)
Stopping at filesystem boundary (GIT_DISCOVERY_ACROSS_FILESYSTEM not set).
